2021-11-30T22:47:54 0 0 oxapi-demo-shebang
2021-11-30T22:36:39 0 0 secret-sharing
2021-11-30T22:21:06 0 0 secret-sharing
2021-11-30T22:19:56 0 0 oxapi-demo-shebang
2021-11-30T22:19:27 0 0 secret-sharing
2021-11-30T21:40:08 0 0 update-file-server
2021-11-30T21:36:58 0 0 oxapi-demo-shebang
2021-11-30T21:28:41 0 0 secret-sharing
2021-11-30T20:54:56 0 0 threshold
2021-11-30T20:19:46 0 0 oxapi-demo-shebang
2021-11-30T20:14:07 0 0 prune-oximeter-deps
2021-11-30T18:27:41 0 0 authz-users
2021-11-30T18:16:33 0 0 dependabot/cargo/reqwest-0.11.7
2021-11-30T17:52:25 0 0 nexus-update-refresh
2021-11-30T17:41:18 0 0 dependabot/cargo/tokio-util-0.6.9
2021-11-30T17:31:13 0 0 crucible-downstairs
2021-11-30T17:21:32 0 0 crucible-downstairs
2021-11-30T16:58:14 0 0 crucible-downstairs
2021-11-30T16:57:23 0 0 spdm-negotiation
2021-11-30T16:31:56 0 0 contributing
2021-11-30T16:20:16 0 0 zpool-nexus-endpoints
2021-11-30T16:11:56 0 0 zpool-nexus-endpoints
2021-11-30T15:55:55 0 0 zpool-nexus-endpoints
2021-11-30T15:34:55 0 0 rpz-opte-sled-agent
2021-11-30T14:59:58 0 0 contributing
2021-11-30T05:50:07 0 0 nightly-update
2021-11-30T01:24:05 0 0 dependabot/cargo/dropshot-ff33033
2021-11-30T01:17:16 0 0 nightly-update
2021-11-30T01:04:02 0 0 nightly-update
2021-11-30T00:44:32 0 0 dependabot/cargo/dropshot-123d0e5
2021-11-29T23:52:32 0 0 dependabot/cargo/dropshot-123d0e5
2021-11-29T23:52:28 0 0 dependabot/cargo/serde_json-1.0.72
2021-11-29T23:49:55 0 0 dependabot/cargo/schemars-0.8.8
2021-11-29T23:28:11 0 0 dependabot/cargo/dropshot-123d0e5
2021-11-29T22:14:52 0 0 nightly-update
2021-11-29T22:05:44 0 0 dependabot/cargo/schemars-0.8.8
2021-11-29T22:03:33 0 0 spdm-negotiation
2021-11-29T22:02:34 0 0 nightly-update
2021-11-29T22:01:20 0 0 spdm-negotiation
2021-11-29T21:52:56 0 0 nightly-update
2021-11-29T21:48:12 0 0 authz-project-create
2021-11-29T21:40:53 0 0 live-migrate
2021-11-29T21:33:04 0 0 nightly-update
2021-11-29T21:32:18 0 0 spdm-negotiation
2021-11-29T21:30:11 0 0 authz-project-create
2021-11-29T21:06:19 0 0 live-migrate
2021-11-29T20:22:35 0 0 live-migrate
2021-11-29T20:13:22 0 0 spdm-negotiation
2021-11-29T20:08:19 0 0 live-migrate
2021-11-29T19:51:23 0 0 propolis-id
2021-11-29T19:21:25 0 0 propolis-id
2021-11-29T19:10:25 0 0 authz-project-create
2021-11-29T19:01:55 0 0 dependabot/cargo/dropshot-123d0e5
2021-11-29T19:01:52 0 0 dependabot/cargo/serde_json-1.0.72
2021-11-29T19:01:19 0 0 more-easy-views-params
2021-11-29T18:57:51 0 0 authz-project-create
2021-11-29T18:38:14 0 0 crucible-downstairs
2021-11-29T18:25:55 0 0 dependabot/cargo/schemars-0.8.8
2021-11-29T18:15:33 0 0 propolis-id
2021-11-29T18:11:02 0 0 dependabot/cargo/schemars-0.8.8
2021-11-29T18:03:10 0 0 dependabot/cargo/serde_json-1.0.72
2021-11-29T18:03:10 0 0 dependabot/cargo/syn-1.0.82
2021-11-29T18:03:07 0 0 zpool-nexus-endpoints
2021-11-29T18:03:00 0 0 dependabot/cargo/dropshot-895e077
2021-11-29T18:02:47 0 0 dependabot/cargo/schemars-0.8.8
2021-11-29T17:50:02 0 0 more-easy-views-params
2021-11-29T17:48:31 0 0 zpool-nexus-endpoints
2021-11-29T17:36:05 0 0 propolis-id
2021-11-29T17:27:45 0 0 dependabot/cargo/dropshot-fb3c17e
2021-11-29T17:27:42 0 0 dependabot/cargo/schemars-0.8.8
2021-11-29T17:27:22 0 0 dependabot/cargo/serde_json-1.0.72
2021-11-29T17:26:43 0 0 dependabot/cargo/anyhow-1.0.51
2021-11-29T17:26:31 0 0 dependabot/cargo/syn-1.0.82
2021-11-29T16:48:38 0 0 multicast
2021-11-29T16:41:11 0 0 multicast
2021-11-29T16:00:25 0 0 multicast
2021-11-29T15:56:04 0 0 multicast
2021-11-29T15:19:59 0 0 multicast
2021-11-29T00:34:40 0 0 dependabot/cargo/serde_json-1.0.72
2021-11-29T00:34:27 0 0 dependabot/cargo/schemars-0.8.8
2021-11-29T00:34:03 0 0 dependabot/cargo/anyhow-1.0.50
2021-11-29T00:33:52 0 0 dependabot/cargo/syn-1.0.82
2021-11-27T04:06:43 0 0 more-easy-views-params
2021-11-27T04:01:16 0 0 more-easy-views-params
2021-11-27T00:37:45 0 0 more-easy-views-params
2021-11-25T07:22:50 2820000 1320000 propolis-id
2021-11-25T02:44:41 2760000 2220000 vpc-view
2021-11-25T01:05:26 2220000 1200000 vpc-view
2021-11-25T00:59:49 2520000 1380000 dependabot/cargo/dropshot-fb3c17e
2021-11-25T00:49:52 2760000 1800000 vpc-view
2021-11-25T00:48:14 2400000 1920000 propolis-id
2021-11-25T00:42:05 2280000 1500000 spdm-negotiation
2021-11-25T00:37:00 1620000 660000 propolis-id
2021-11-25T00:33:05 2520000 1440000 license
2021-11-24T23:51:10 2340000 1440000 propolis-id
2021-11-24T23:42:27 2640000 1140000 propolis-id
2021-11-24T22:25:48 2520000 1680000 optional-assets-dir
2021-11-24T22:03:40 2280000 1440000 license
2021-11-24T21:58:37 2340000 1740000 license
2021-11-24T21:45:03 2400000 1380000 authz-project-create
2021-11-24T21:35:58 2460000 2220000 authz-project-create
2021-11-24T21:27:43 2100000 1020000 authz-project-create
2021-11-24T21:22:05 1920000 1500000 authz-project-create
2021-11-24T21:06:10 2460000 2100000 dependabot/cargo/dropshot-fb3c17e
2021-11-24T20:26:05 2280000 1740000 console-api
2021-11-24T19:43:16 2280000 2160000 console-api
2021-11-24T19:20:47 2460000 2160000 secret-sharing
2021-11-24T19:19:10 2340000 1380000 secret-sharing
2021-11-24T19:17:38 2280000 2160000 secret-sharing
2021-11-24T19:05:42 2400000 1200000 console-api
2021-11-24T18:00:49 2340000 1860000 console-api
2021-11-24T16:16:50 2340000 2760000 console-api
2021-11-24T15:44:50 2340000 2460000 multicast
2021-11-24T15:15:56 300000 60000 spdm-negotiation
2021-11-24T06:44:00 2460000 1500000 fix/better-oximeter-keys
2021-11-24T05:34:37 2700000 1560000 fix/oximeter-query-with-timeseries-name
2021-11-24T04:05:50 2700000 1980000 fix/oximeter-query-with-timeseries-name
2021-11-24T04:04:56 2640000 1560000 fix/oximeter-query-with-timeseries-name
2021-11-24T03:51:36 2640000 1560000 console-api
2021-11-24T03:13:13 2400000 2160000 console-api
2021-11-24T02:11:56 2340000 1380000 console-api
2021-11-24T00:47:12 300000 60000 rpz-opte-sled-agent
2021-11-24T00:45:35 2220000 1140000 console-api
2021-11-24T00:26:40 2640000 1920000 check-db-version
2021-11-24T00:23:19 2340000 2220000 check-db-version
2021-11-24T00:19:07 1560000 840000 check-db-version
2021-11-24T00:17:31 2580000 1320000 console-api
2021-11-24T00:03:39 2640000 1620000 secret-sharing
2021-11-23T23:40:59 2460000 1440000 console-api
2021-11-23T23:32:21 2640000 1740000 console-api
2021-11-23T23:26:01 2460000 1260000 fix/oximeter-retry-clickhouse
2021-11-23T23:25:12 2340000 6120000 fix/oximeter-retry-clickhouse
2021-11-23T23:23:53 2220000 2160000 console-api
2021-11-23T23:01:20 2280000 1200000 authz-users
2021-11-23T23:01:13 1860000 1080000 console-api
2021-11-23T22:51:27 2280000 1320000 console-api
2021-11-23T22:46:15 2280000 1320000 propolis-config-fix
2021-11-23T22:27:20 2520000 1140000 console-api
2021-11-23T22:04:14 2400000 2580000 dependabot/cargo/dropshot-78be3de
2021-11-23T21:55:13 2280000 2640000 console-api
2021-11-23T21:38:12 1740000 840000 authz-users
2021-11-23T21:36:53 2460000 1440000 dependabot/cargo/futures-0.3.18
2021-11-23T21:36:06 2460000 1620000 dependabot/cargo/dropshot-78be3de
2021-11-23T21:03:59 2700000 1560000 dependabot/cargo/dropshot-78be3de
2021-11-23T21:03:47 2760000 1500000 dependabot/cargo/tokio-1.14.0
2021-11-23T21:03:44 2700000 1440000 dependabot/cargo/futures-0.3.18
2021-11-23T20:04:53 2460000 1560000 clients
2021-11-23T18:59:18 1740000 1200000 authz-users
2021-11-23T18:20:07 4800000 4920000 propolis-config-fix
2021-11-23T17:07:40 2760000 1440000 console-api
2021-11-23T16:37:43 2280000 1440000 console-api
2021-11-23T16:27:20 2640000 19080000 update-file-server
2021-11-23T06:00:16 2580000 1860000 fix-comment
2021-11-23T05:09:18 2460000 1140000 fix-comment
2021-11-23T01:16:09 2460000 1320000 create-subnets-by-default
2021-11-23T00:43:31 2220000 2400000 clients
2021-11-23T00:18:28 2580000 1560000 clients
2021-11-23T00:12:44 2220000 1200000 clients
2021-11-22T23:51:58 1800000 840000 create-subnets-by-default
2021-11-22T23:51:05 1860000 720000 create-subnets-by-default
2021-11-22T23:14:57 2460000 2340000 console-api
2021-11-22T23:13:52 2640000 2460000 console-api
2021-11-22T23:06:46 2340000 2760000 console-api
2021-11-22T23:04:22 2160000 2580000 authz-prototyping
2021-11-22T22:57:07 2340000 2880000 authz-prototyping
2021-11-22T22:49:22 2580000 1200000 authz-prototyping
2021-11-22T22:33:11 2520000 1260000 nexus-vpc-models
2021-11-22T22:20:34 2460000 1200000 nexus-vpc-models
2021-11-22T21:00:10 2460000 7560000 console-api
2021-11-22T20:57:14 2340000 1260000 dependabot/cargo/dropshot-78be3de
2021-11-22T20:57:11 2520000 1200000 dependabot/cargo/tokio-1.14.0
2021-11-22T20:38:58 2460000 1260000 authz-prototyping
2021-11-22T20:38:39 2520000 1320000 authz-prototyping
2021-11-22T20:27:20 2640000 4920000 dependabot/cargo/dropshot-78be3de
2021-11-22T20:26:54 2460000 3660000 dependabot/cargo/tokio-1.14.0
2021-11-22T20:26:24 2580000 1380000 dependabot/cargo/anyhow-1.0.48
2021-11-22T20:20:37 2400000 1320000 console-api
2021-11-22T20:17:31 2400000 4860000 nexus/metrics-endpoints
2021-11-22T20:11:38 2340000 3420000 nexus/metrics-endpoints
2021-11-22T20:06:06 2580000 1320000 nexus/metrics-endpoints
2021-11-22T19:44:52 2160000 3600000 firewall-api
2021-11-22T17:44:26 2220000 1560000 console-api
2021-11-22T15:41:43 2220000 1500000 dependabot/cargo/dropshot-78be3de
2021-11-22T15:41:43 2640000 1320000 dependabot/cargo/anyhow-1.0.47
2021-11-22T15:41:42 2520000 1440000 dependabot/cargo/tokio-1.14.0
2021-11-22T14:29:41 2520000 4140000 dependabot/cargo/serde_json-1.0.71
2021-11-22T14:29:36 2580000 1440000 dependabot/cargo/tokio-1.14.0
2021-11-22T14:29:29 2220000 1680000 dependabot/cargo/dropshot-78be3de
2021-11-22T14:29:25 2700000 1380000 dependabot/cargo/anyhow-1.0.47
2021-11-22T00:39:41 2640000 1680000 dependabot/cargo/libc-0.2.108
2021-11-22T00:39:22 2460000 1320000 dependabot/cargo/anyhow-1.0.47
2021-11-22T00:39:09 2760000 1200000 dependabot/cargo/serde_json-1.0.71
2021-11-20T05:41:16 2040000 780000 nexus/metrics-endpoints
2021-11-20T05:38:23 1740000 720000 nexus/metrics-endpoints
2021-11-20T05:00:47 2640000 1140000 clients
2021-11-20T04:53:16 2280000 1200000 clients
2021-11-20T03:19:53 2340000 1200000 authz-prototyping
2021-11-20T02:53:31 2340000 1440000 authz-prototyping
2021-11-20T01:08:28 2580000 1200000 fmt
2021-11-20T01:03:44 1980000 960000 clients
2021-11-19T22:29:37 2220000 1740000 console-api
2021-11-19T22:12:41 300000 60000 spdm-negotiation
2021-11-19T22:06:15 1860000 900000 nexus-update-refresh
2021-11-19T22:00:26 1980000 1020000 nexus-update-refresh
2021-11-19T21:43:53 2460000 1320000 console-api
2021-11-19T21:13:01 2400000 1860000 firewall-api
2021-11-19T21:12:34 1860000 720000 nexus/metrics-endpoints
2021-11-19T20:51:45 2520000 1200000 authz-prototyping
2021-11-19T20:49:20 2340000 1980000 authz-prototyping
2021-11-19T19:22:49 2280000 1320000 issue-396
2021-11-19T19:18:04 2280000 1380000 issue-396
2021-11-19T19:05:32 1800000 780000 authz-prototyping
2021-11-19T18:00:15 2160000 1740000 multicast
2021-11-19T17:38:28 2220000 1620000 dependabot/cargo/tokio-1.14.0
2021-11-19T17:23:48 2400000 900000 multicast
2021-11-19T17:18:33 2340000 720000 multicast
2021-11-19T17:16:51 2400000 780000 multicast
2021-11-19T17:10:55 2220000 1260000 request-tester
2021-11-19T17:00:29 2400000 1320000 request-tester
2021-11-19T16:58:54 2280000 1320000 request-tester
2021-11-19T16:55:58 2520000 2100000 request-tester
2021-11-19T16:34:27 2640000 1260000 request-tester
2021-11-19T02:20:49 2400000 1500000 request-tester
2021-11-19T02:18:56 2340000 1200000 request-tester
2021-11-19T02:14:34 300000 120000 request-tester
2021-11-19T02:08:55 2520000 1440000 console-api
2021-11-19T02:06:53 2460000 1380000 console-api
2021-11-19T02:00:38 2520000 1140000 console-api
2021-11-18T22:38:07 2220000 1200000 console-api
2021-11-18T22:17:46 2160000 1380000 console-api
2021-11-18T21:45:34 2460000 1200000 console-api
2021-11-18T21:19:27 2220000 1380000 console-api
2021-11-18T20:59:07 2460000 1320000 firewall-api
2021-11-18T20:35:52 2340000 1740000 dependabot/cargo/tokio-1.14.0
2021-11-18T19:54:39 2640000 1920000 bump-propolis-rev
2021-11-18T19:53:34 2400000 1800000 bump-propolis-rev
2021-11-18T18:19:41 2340000 1620000 dependabot/cargo/tokio-1.14.0
2021-11-18T17:54:13 2400000 1140000 dependabot/cargo/hyper-0.14.15
2021-11-18T16:37:13 300000 60000 console-api
2021-11-18T04:42:32 300000 300000 console-api
2021-11-18T04:31:35 2220000 1140000 dependabot/cargo/hyper-0.14.15
2021-11-18T04:29:40 2460000 1140000 dependabot/cargo/tokio-1.14.0
2021-11-18T04:20:38 2400000 1320000 complicated-internal-params
2021-11-18T04:04:08 2340000 1200000 views-and-params
2021-11-18T03:43:55 2640000 1140000 views-and-params
2021-11-18T03:39:44 1020000 300000 views-and-params
2021-11-18T00:17:34 300000 300000 request-tester
2021-11-18T00:05:25 300000 60000 request-tester
2021-11-17T23:47:40 300000 60000 request-tester
2021-11-17T23:07:35 2520000 900000 bump-propolis-rev
2021-11-17T22:53:58 300000 60000 console-api
2021-11-17T20:47:17 300000 60000 console-api
2021-11-17T19:14:07 2220000 1920000 readmealan
2021-11-17T18:10:21 300000 60000 console-api
2021-11-17T15:39:53 2340000 2940000 dependabot/cargo/hyper-0.14.15
2021-11-17T15:39:46 2340000 1200000 dependabot/cargo/tokio-1.14.0
2021-11-17T06:09:48 2520000 1380000 progenitor-update
2021-11-17T03:56:03 1740000 720000 authz-prototyping
2021-11-17T02:13:02 2400000 1200000 progenitor-update
2021-11-17T02:06:23 2340000 1320000 readmealan
2021-11-16T19:27:50 1980000 1020000 crucible-downstairs
2021-11-16T17:54:50 2580000 4560000 crucible-downstairs
2021-11-16T17:50:47 4980000 25500000 firewall-api
2021-11-16T17:31:48 2520000 1260000 zpool-nexus-endpoints
2021-11-16T17:30:13 2700000 1320000 crucible-downstairs
2021-11-16T14:20:25 2520000 5160000 crucible-downstairs
2021-11-16T14:17:51 2460000 21720000 crucible-downstairs
2021-11-16T02:25:38 2460000 2100000 firewall-api
2021-11-16T02:25:05 2340000 2220000 firewall-api
2021-11-16T02:09:06 2340000 1620000 firewall-api
2021-11-16T00:26:27 2100000 3660000 pr-369
2021-11-15T22:35:44 2520000 1200000 quality-type-names
2021-11-15T21:42:36 2520000 5580000 crucible-downstairs
2021-11-15T21:11:15 1620000 720000 firewall-api
2021-11-15T20:54:27 2280000 4320000 crucible-downstairs
2021-11-15T20:36:58 2520000 1260000 remove-unwraps
2021-11-15T19:01:39 2460000 1560000 seed-base
2021-11-15T18:18:14 2460000 3780000 seed-base
2021-11-15T17:57:46 2580000 3480000 dependabot/cargo/schemars-0.8.7
2021-11-15T17:52:58 2400000 3540000 seed-base
2021-11-15T17:29:25 2700000 1260000 dependabot/cargo/oso-0.23.0
2021-11-15T17:29:10 2400000 3300000 dependabot/cargo/schemars-0.8.7
2021-11-15T16:58:38 2100000 2880000 seed-base
2021-11-15T05:01:50 2340000 1620000 complicated-internal-params
2021-11-15T05:01:34 2580000 1440000 views-and-params
2021-11-15T03:23:15 2460000 1920000 dependabot/cargo/oso-0.23.0
2021-11-15T03:23:06 2340000 1260000 dependabot/cargo/serde_json-1.0.70
2021-11-15T03:22:53 2520000 1200000 dependabot/cargo/schemars-0.8.7
2021-11-15T00:33:49 2040000 1440000 dependabot/cargo/serde_json-1.0.70
2021-11-15T00:33:39 2220000 1380000 dependabot/cargo/schemars-0.8.7
2021-11-15T00:33:13 2580000 1380000 dependabot/cargo/oso-0.23.0
2021-11-14T19:53:18 2640000 1260000 complicated-internal-params
2021-11-14T18:19:41 2460000 1380000 add-route-api
2021-11-14T18:13:33 1740000 720000 add-route-api
2021-11-13T19:28:31 2160000 1080000 add-route-api
2021-11-13T19:27:08 2100000 1320000 add-route-api
2021-11-13T03:20:58 2400000 960000 add-route-api
2021-11-13T01:04:42 2400000 1140000 firewall-api
2021-11-13T01:01:36 2400000 1860000 firewall-api
2021-11-12T23:28:55 2280000 1440000 pull-out-network-targeting
2021-11-12T23:10:55 1560000 600000 pull-out-network-targeting
2021-11-12T22:57:26 1740000 1020000 pull-out-network-targeting
2021-11-12T22:55:56 2340000 1200000 complicated-internal-params
2021-11-12T22:48:18 4800000 2280000 complicated-internal-params
2021-11-12T22:46:58 2160000 1320000 add-route-api
2021-11-12T21:35:08 2460000 1620000 add-route-api
2021-11-12T21:26:59 2520000 1980000 seed-base
2021-11-12T21:22:46 2340000 1920000 views-and-params
2021-11-12T21:11:58 2220000 1620000 add-route-api
2021-11-12T21:02:48 2340000 1440000 add-route-api
2021-11-12T20:59:09 1980000 720000 add-route-api
2021-11-12T20:57:23 1920000 1080000 add-route-api
2021-11-12T20:12:15 2220000 1860000 views-and-params
2021-11-12T20:00:29 2340000 1020000 add-route-api
2021-11-12T18:09:34 2280000 1140000 no-datastore-params
2021-11-12T16:50:27 2580000 1800000 add-route-api
2021-11-12T05:05:09 300000 60000 cookies-extractor
2021-11-12T05:03:23 2220000 1560000 console-api
2021-11-12T01:30:37 2580000 1200000 add-route-api
2021-11-12T01:12:52 2400000 1800000 console-api
2021-11-12T00:49:41 2100000 1740000 console-api
2021-11-12T00:03:26 2040000 1260000 console-api
2021-11-11T23:54:41 2460000 1620000 firewall-api
2021-11-11T22:49:14 2460000 1200000 firewall-api
2021-11-11T22:08:29 2580000 1440000 sled-agent-timeout
2021-11-11T22:01:58 1920000 720000 add-route-api
2021-11-11T20:34:34 2460000 1980000 add-route-api
2021-11-11T20:20:27 4620000 2940000 no-datastore-params
2021-11-11T20:11:35 2220000 1800000 no-datastore-params
2021-11-11T20:07:07 2520000 1920000 firewall-api
2021-11-11T19:51:43 2400000 1980000 sled-agent-timeout
2021-11-11T17:29:45 2280000 1200000 extend-collection-insert
2021-11-11T15:00:14 2160000 1200000 crucible-downstairs
2021-11-11T06:09:05 2340000 1200000 add-route-api
2021-11-11T05:50:46 2400000 1560000 firewall-api
2021-11-11T05:27:05 2580000 1200000 add-route-api
2021-11-11T05:20:23 2100000 900000 add-route-api
2021-11-11T01:42:39 2640000 1200000 enum-macro
2021-11-10T22:00:08 2520000 1620000 enum-macro
2021-11-10T21:22:31 1800000 1260000 enum-macro
2021-11-10T21:08:29 2040000 1260000 add-route-api
2021-11-10T20:25:11 2340000 1560000 fix_regex
2021-11-10T19:50:00 2340000 1920000 firewall-api
2021-11-10T19:41:00 2100000 1080000 fix_regex
2021-11-10T19:34:54 2520000 1080000 fix_regex
2021-11-10T19:29:35 2220000 1680000 fix_regex
2021-11-10T19:06:26 2400000 1560000 views-and-params
2021-11-10T18:10:09 2460000 1920000 views-and-params
2021-11-10T17:19:23 2280000 1320000 openapi
2021-11-10T00:36:06 1680000 600000 resource-identifier
2021-11-09T23:59:25 1620000 720000 rpz-opte-sled-agent
2021-11-09T22:18:19 2400000 1140000 oxapi-demo-url-env-var
2021-11-09T21:40:18 2040000 1380000 add-route-api
2021-11-09T20:53:16 2040000 1320000 add-route-api
2021-11-09T20:25:12 2160000 1740000 tests/oximeter-re-registration
2021-11-09T20:14:38 1920000 1500000 add-route-api
2021-11-09T20:07:37 2340000 1140000 oxapi-demo-url-env-var
2021-11-09T20:06:53 1680000 1140000 oxapi-demo-url-env-var
2021-11-09T20:02:14 2280000 1020000 tests/oximeter-re-registration
2021-11-09T19:46:13 2400000 2040000 oxapi-demo-url-env-var
2021-11-09T19:10:01 2220000 1500000 default-router-vpc
2021-11-09T18:34:25 2040000 1800000 change-the-world
2021-11-09T18:14:38 2220000 1140000 change-the-world
2021-11-09T17:27:55 2220000 2220000 dependabot/cargo/serde_json-1.0.69
2021-11-09T16:36:40 2520000 2400000 views-and-params
2021-11-09T16:35:07 2340000 2040000 views-and-params
2021-11-09T06:30:05 1980000 1080000 add-route-api
2021-11-09T06:06:55 2040000 840000 add-route-api
2021-11-09T05:58:39 2280000 1320000 default-router-vpc
2021-11-09T05:49:49 2220000 1020000 default-router-vpc
2021-11-09T05:38:15 1980000 1140000 default-router-vpc
2021-11-09T04:57:21 2220000 1020000 views-and-params
2021-11-09T04:34:13 2400000 960000 views-and-params
2021-11-09T04:31:06 840000 240000 views-and-params
2021-11-09T04:08:30 2220000 900000 views-and-params
2021-11-09T03:59:37 2160000 1080000 views-and-params
2021-11-08T22:46:01 2040000 1080000 default-router-vpc
2021-11-08T22:15:44 1500000 660000 default-router-vpc
2021-11-08T22:07:28 1740000 840000 default-router-vpc
2021-11-08T22:02:39 1800000 660000 default-router-vpc
2021-11-08T21:43:57 1740000 660000 default-router-vpc
2021-11-08T21:41:25 2400000 1020000 default-router-vpc
2021-11-08T21:00:51 2220000 1080000 enable-name-parsing
2021-11-08T20:54:15 2280000 1260000 default-router-vpc
2021-11-08T20:25:04 1920000 1320000 spoof
2021-11-08T19:49:32 2220000 1020000 enable-name-parsing
2021-11-08T19:34:59 2340000 1440000 openapi
2021-11-08T19:31:11 2160000 1320000 crucible-downstairs
2021-11-08T19:24:34 2460000 1380000 openapi
2021-11-08T17:38:00 1980000 1200000 db-errors
2021-11-08T17:37:42 1860000 1620000 db-errors
2021-11-08T17:36:36 1860000 1380000 db-errors
2021-11-08T15:32:29 2280000 1140000 enable-name-parsing
2021-11-08T13:25:52 2160000 1320000 dependabot/cargo/serde_json-1.0.69
2021-11-08T02:10:21 1740000 780000 add-route-api
2021-11-08T01:12:31 2100000 1320000 enable-name-parsing
2021-11-08T00:32:19 2340000 1020000 dependabot/cargo/libc-0.2.107
2021-11-08T00:32:10 2160000 1200000 dependabot/cargo/serde_json-1.0.69
2021-11-07T16:12:14 2040000 1140000 openapi
2021-11-07T16:08:35 2520000 1380000 openapi
2021-11-07T07:29:23 2100000 900000 default-router-vpc
2021-11-07T06:59:45 1860000 1200000 enable-name-parsing
2021-11-07T06:58:25 1620000 960000 enable-name-parsing
2021-11-07T06:55:30 2340000 1080000 openapi
2021-11-07T06:44:10 1560000 660000 enable-name-parsing
2021-11-07T05:57:56 1980000 840000 add-route-api
2021-11-07T01:32:07 1740000 780000 add-route-api
2021-11-07T00:56:18 1980000 840000 add-route-api
2021-11-07T00:51:48 1860000 660000 add-route-api
2021-11-05T22:40:55 1620000 660000 add-route-api
2021-11-05T21:51:57 2340000 1080000 tests/oximeter-re-registration
2021-11-05T21:50:24 2100000 960000 tests/oximeter-re-registration
2021-11-05T21:14:20 2280000 1380000 opcontext-sagas
2021-11-05T20:15:30 1920000 1200000 create-errors
2021-11-05T00:31:05 2040000 1260000 dependabot/cargo/oso-0.22.1
2021-11-05T00:27:23 300000 60000 openapi
2021-11-05T00:24:14 300000 60000 openapi
2021-11-05T00:19:33 300000 240000 openapi
2021-11-05T00:09:40 2280000 1560000 opcontext-sagas
2021-11-05T00:08:05 2040000 1200000 dependabot/cargo/dropshot-c193292
2021-11-05T00:07:54 2160000 1620000 dependabot/cargo/oso-0.22.1
2021-11-04T23:55:21 1560000 960000 opcontext-sagas
2021-11-04T23:42:40 2160000 1080000 dependabot/cargo/dropshot-c193292
2021-11-04T23:42:32 1980000 1380000 dependabot/cargo/anyhow-1.0.45
2021-11-04T23:42:28 2400000 1440000 dependabot/cargo/oso-0.22.1
2021-11-04T23:03:43 1920000 2760000 dependabot/cargo/anyhow-1.0.45
2021-11-04T23:03:42 2100000 1260000 dependabot/cargo/tokio-postgres-0.7.5
2021-11-04T23:03:41 2340000 1260000 dependabot/cargo/oso-0.22.1
2021-11-04T23:03:40 2160000 1020000 dependabot/cargo/dropshot-9ea747c
2021-11-04T22:30:19 2220000 1320000 dependabot/cargo/dropshot-9ea747c
2021-11-04T22:30:18 2220000 1320000 dependabot/cargo/libc-0.2.106
2021-11-04T22:30:13 2160000 1320000 dependabot/cargo/anyhow-1.0.45
2021-11-04T22:30:12 2100000 1020000 dependabot/cargo/oso-0.22.1
2021-11-04T22:29:53 2220000 1260000 dependabot/cargo/tokio-postgres-0.7.5
2021-11-04T21:54:38 2280000 1200000 dependabot/cargo/libc-0.2.106
2021-11-04T21:54:07 2100000 1320000 dependabot/cargo/oso-0.22.1
2021-11-04T21:53:56 2100000 1260000 dependabot/cargo/trybuild-1.0.52
2021-11-04T21:53:00 2580000 1020000 dependabot/cargo/dropshot-9ea747c
2021-11-04T21:52:30 2040000 1320000 dependabot/cargo/anyhow-1.0.45
2021-11-04T21:30:51 2220000 1020000 dependabot/cargo/libc-0.2.106
2021-11-04T21:29:46 2100000 1020000 dependabot/cargo/trybuild-1.0.52
2021-11-04T21:28:08 2280000 1020000 dependabot/cargo/dropshot-eb91ad5
2021-11-04T21:27:36 2220000 1020000 dependabot/cargo/syn-1.0.81
2021-11-04T21:27:14 1980000 1380000 dependabot/cargo/anyhow-1.0.45
2021-11-04T19:34:43 2040000 1140000 dependabot/cargo/libc-0.2.106
2021-11-04T19:31:59 2340000 1500000 dependabot/cargo/trybuild-1.0.52
2021-11-04T19:31:32 2280000 1320000 dependabot/cargo/syn-1.0.81
2021-11-04T19:31:05 2100000 1620000 dependabot/cargo/tokio-1.13.0
2021-11-04T19:30:59 2040000 1320000 dependabot/cargo/dropshot-eb91ad5
2021-11-04T18:09:44 1860000 780000 add-route-api
2021-11-04T17:26:02 2040000 1380000 oso
2021-11-04T17:20:04 1740000 1020000 add-route-api
2021-11-04T16:12:18 2040000 1380000 oso
2021-11-04T15:49:39 2220000 1320000 oso
2021-11-04T13:56:19 1980000 900000 oso
2021-11-04T06:03:37 1740000 1140000 tests/oximeter-re-registration
2021-11-04T05:03:59 1920000 960000 oso
2021-11-04T03:09:04 2040000 1020000 oso
2021-11-04T01:10:41 1560000 720000 add-route-api
2021-11-03T21:48:50 1680000 720000 add-route-api
2021-11-03T21:20:22 1620000 720000 add-route-api
2021-11-03T19:59:45 1560000 600000 add-route-api
2021-11-03T19:36:41 1560000 600000 add-route-api
2021-11-03T19:21:00 300000 60000 openapi
2021-11-03T19:18:49 300000 60000 openapi
2021-11-03T17:12:43 1500000 780000 add-route-api
2021-11-03T16:54:55 2280000 900000 oso
2021-11-03T16:07:39 1980000 1020000 fix-internal-msg
2021-11-03T15:58:55 1800000 720000 oso
2021-11-03T15:55:12 1920000 1200000 db-errors
2021-11-03T15:52:52 1860000 900000 oso
2021-11-02T21:43:49 1920000 900000 db-errors
2021-11-02T17:53:42 300000 180000 login-endpoint
2021-11-02T16:36:17 1560000 840000 internal-message
2021-11-02T16:00:43 300000 60000 login-endpoint
2021-11-02T15:49:50 360000 180000 login-endpoint
2021-11-02T01:49:23 1620000 960000 dependabot/cargo/dropshot-eb91ad5
2021-11-02T01:49:15 1980000 1320000 dependabot/cargo/tokio-1.13.0
2021-11-02T01:49:13 2040000 1200000 dependabot/cargo/libc-0.2.106
2021-11-02T01:49:08 1980000 900000 dependabot/cargo/trybuild-1.0.52
2021-11-02T01:49:07 1800000 1020000 dependabot/cargo/syn-1.0.81
2021-11-01T21:48:12 1920000 1260000 internal-message
2021-11-01T21:31:42 1320000 540000 internal-message
2021-11-01T20:36:34 1980000 960000 cookie-auth
2021-11-01T00:45:01 1860000 900000 dependabot/cargo/dropshot-eb91ad5
2021-11-01T00:44:42 1680000 1020000 dependabot/cargo/libc-0.2.106
2021-11-01T00:44:28 1740000 1080000 dependabot/cargo/tokio-1.13.0
2021-11-01T00:44:13 1800000 1020000 dependabot/cargo/syn-1.0.81
2021-11-01T00:43:56 1920000 900000 dependabot/cargo/trybuild-1.0.52
2021-10-29T21:01:06 1860000 1020000 oxapi-demo-fix
2021-10-29T20:33:29 2040000 1140000 cookie-auth
2021-10-29T18:22:53 1860000 1020000 cookie-auth
2021-10-29T14:53:27 1800000 1020000 crucible-downstairs
2021-10-29T00:13:25 1740000 720000 oso
2021-10-29T00:09:25 300000 60000 openapi
2021-10-28T23:27:10 1620000 960000 oso
2021-10-28T21:47:37 1920000 1200000 cookie-auth
2021-10-28T20:55:15 3900000 2100000 cookie-auth
2021-10-28T19:42:56 1740000 660000 oso
2021-10-28T19:34:35 1800000 900000 cookie-auth
2021-10-28T18:25:25 1800000 900000 cookie-whoami
2021-10-28T17:06:05 1800000 1020000 cookie-whoami
2021-10-28T16:31:39 1680000 1080000 cookie-auth
2021-10-28T02:36:36 1560000 660000 cookie-whoami
2021-10-28T02:23:48 2040000 960000 cookie-auth
2021-10-28T01:15:26 1980000 780000 cookie-auth
2021-10-28T01:13:44 1920000 1260000 cookie-auth
2021-10-27T22:04:15 1680000 720000 oso
2021-10-27T21:34:40 2040000 1140000 cookie-auth
2021-10-27T21:10:55 1920000 960000 cookie-auth
2021-10-27T20:54:20 1320000 600000 cookie-auth
2021-10-27T19:53:58 1920000 900000 cookie-auth
2021-10-27T19:51:30 1800000 1200000 cookie-auth
2021-10-27T18:37:08 1980000 1080000 cookie-auth
2021-10-27T16:45:20 1740000 1200000 integrate-orgs-and-projects
2021-10-27T16:45:06 1740000 960000 child-resource-insert-cte
2021-10-27T16:26:21 1740000 1320000 crucible-downstairs
2021-10-27T15:37:19 2160000 960000 dependabot/cargo/tokio-postgres-0.7.4
2021-10-27T15:29:28 1920000 1380000 cookie-auth
2021-10-27T00:02:27 1620000 900000 integrate-orgs-and-projects
2021-10-26T20:16:31 1980000 960000 unbreak-nexus
2021-10-26T20:08:14 1680000 720000 cookie-whoami
2021-10-26T19:51:45 1740000 900000 cookie-auth
2021-10-26T19:43:45 1800000 1260000 cookie-auth
2021-10-26T18:02:04 1740000 1200000 cookie-auth-result
2021-10-26T17:09:05 1920000 900000 cookie-auth
2021-10-26T16:55:19 1860000 1260000 cookie-auth
2021-10-26T16:54:30 1860000 1260000 cookie-auth
2021-10-26T16:43:54 1740000 1080000 integrate-orgs-and-projects
2021-10-26T16:42:00 1800000 900000 child-resource-insert-cte
2021-10-26T00:05:26 1680000 900000 dependabot/cargo/tokio-postgres-0.7.4
2021-10-25T23:40:02 1800000 840000 pq-sys-update
2021-10-25T23:28:26 1980000 1140000 cookie-auth
2021-10-25T23:19:32 1800000 1020000 cookie-auth
2021-10-25T22:44:24 1920000 840000 cookie-auth
2021-10-25T21:36:24 1860000 1080000 cookie-auth
2021-10-25T20:24:38 1620000 1140000 cookie-auth
2021-10-25T19:23:08 1500000 960000 cookie-auth
2021-10-25T19:17:39 1500000 660000 cookie-auth
2021-10-25T19:12:46 1860000 960000 dependabot/cargo/tokio-postgres-0.7.4
2021-10-25T19:12:39 960000 120000 cookie-auth
2021-10-25T19:11:12 1560000 600000 cookie-auth
2021-10-25T18:15:25 1680000 600000 cookie-auth
2021-10-25T17:26:12 1980000 900000 dependabot/cargo/dropshot-c2f2173
2021-10-25T17:25:13 1920000 1020000 dependabot/cargo/tokio-postgres-0.7.4
2021-10-25T16:46:43 1860000 1020000 dependabot/cargo/dropshot-c2f2173
2021-10-25T16:46:37 1800000 840000 dependabot/cargo/serde_with-1.11.0
2021-10-25T16:46:36 1680000 2280000 dependabot/cargo/tokio-postgres-0.7.4
2021-10-25T16:44:19 1800000 780000 cookie-auth
2021-10-25T16:27:07 1680000 1020000 dependabot/cargo/tokio-postgres-0.7.4
2021-10-25T16:26:40 1980000 900000 dependabot/cargo/dropshot-c2f2173
2021-10-25T16:26:15 1800000 1200000 dependabot/cargo/serde_with-1.11.0
2021-10-25T16:25:00 1800000 1020000 dependabot/cargo/libc-0.2.105
2021-10-25T16:03:17 1920000 1260000 dependabot/cargo/dropshot-f44c418
2021-10-25T16:03:07 1860000 900000 dependabot/cargo/libc-0.2.105
2021-10-25T16:03:04 2100000 960000 dependabot/cargo/reqwest-0.11.6
2021-10-25T16:03:04 1860000 960000 dependabot/cargo/serde_with-1.11.0
2021-10-25T16:02:46 1860000 900000 dependabot/cargo/tokio-postgres-0.7.4
2021-10-25T00:34:17 1920000 1140000 dependabot/cargo/dropshot-f44c418
2021-10-25T00:33:55 1860000 1020000 dependabot/cargo/serde_with-1.11.0
2021-10-25T00:33:43 1680000 1200000 dependabot/cargo/reqwest-0.11.6
2021-10-25T00:33:29 1740000 960000 dependabot/cargo/libc-0.2.105
2021-10-25T00:33:15 1800000 960000 dependabot/cargo/hyper-0.14.14
2021-10-24T03:07:08 1560000 600000 cookie-auth
2021-10-24T02:07:08 1440000 660000 cookie-auth
2021-10-23T05:12:19 1620000 660000 cookie-auth
2021-10-23T04:49:00 1440000 900000 cookie-auth
2021-10-23T00:35:43 1920000 840000 integrate-orgs-and-projects
2021-10-23T00:35:34 1860000 840000 child-resource-insert-cte
2021-10-22T20:52:45 1980000 900000 cookie-auth
2021-10-22T19:44:24 1620000 900000 cookie-auth
2021-10-22T17:49:52 1560000 900000 cookie-auth
2021-10-22T17:42:51 1440000 660000 cookie-auth
2021-10-21T19:05:30 1380000 600000 opcontext
2021-10-21T18:27:23 1860000 840000 integrate-orgs-and-projects
2021-10-21T18:04:34 1440000 840000 opcontext
2021-10-21T15:47:53 900000 0 delete-running-inst
2021-10-21T04:23:49 1740000 960000 delete-running-inst
2021-10-21T04:21:35 1860000 1080000 delete-running-inst
2021-10-21T02:39:56 1740000 900000 trace-db
2021-10-21T02:22:05 1800000 1200000 trace-db
2021-10-20T23:29:25 1560000 900000 dependabot/cargo/tokio-postgres-0.7.3
2021-10-20T22:24:45 1800000 1140000 integrate-orgs-and-projects
2021-10-20T22:10:02 1860000 1140000 child-resource-insert-cte
2021-10-20T22:04:22 1920000 1140000 child-resource-insert-cte
2021-10-20T21:26:57 1560000 600000 cookie-auth
2021-10-20T20:21:07 1740000 900000 child-resource-insert-cte
2021-10-20T19:08:05 1980000 900000 child-resource-insert-cte
2021-10-20T19:01:58 1740000 1260000 child-resource-insert-cte
2021-10-20T18:48:23 1860000 840000 child-resource-insert-cte
2021-10-20T18:42:46 1680000 1140000 add-router-api
2021-10-20T18:42:35 1800000 840000 integrate-orgs-and-projects
2021-10-20T18:31:51 1800000 1080000 child-resource-insert-cte
2021-10-20T16:50:58 1980000 1140000 add-router-api
2021-10-20T16:26:20 1740000 960000 add-router-api
2021-10-20T16:23:19 1620000 1080000 add-router-api
2021-10-20T16:10:00 1860000 1080000 debug-fail
2021-10-20T15:04:35 1860000 780000 add-router-api
2021-10-19T22:22:54 1920000 840000 child-resource-insert-cte
2021-10-19T21:50:02 1860000 1080000 authn-start
2021-10-19T21:32:40 1860000 840000 authn-start
2021-10-19T21:08:11 1920000 840000 add-router-api
2021-10-19T20:45:11 1620000 840000 add-router-api
2021-10-19T20:29:47 1560000 1020000 add-router-api
2021-10-19T16:44:54 1920000 1080000 nexus/instrument-endpoints
2021-10-19T04:38:39 1980000 1080000 nexus/instrument-endpoints
2021-10-19T03:57:20 1620000 1020000 openapi-fixes
2021-10-19T03:47:36 1800000 840000 openapi-fixes
2021-10-19T01:19:47 1740000 1020000 add-router-api
2021-10-19T01:15:22 1800000 780000 add-router-api
2021-10-19T01:02:45 1560000 780000 add-router-api
2021-10-18T22:53:40 1680000 840000 child-resource-insert-cte
2021-10-18T22:49:31 1740000 780000 dependabot/cargo/dropshot-89b7695
2021-10-18T22:29:04 1740000 1080000 fix-api-identity-tests
2021-10-18T21:20:11 1800000 1140000 child-resource-insert-cte
2021-10-18T20:41:30 1500000 840000 add-router-api
2021-10-18T16:02:11 1800000 780000 dependabot/cargo/dropshot-dadc5e1
2021-10-18T15:32:54 1440000 540000 add-router-api
2021-10-18T00:27:06 1800000 840000 dependabot/cargo/dropshot-0e11bcf
2021-10-18T00:26:44 1860000 840000 dependabot/cargo/libc-0.2.104
2021-10-16T03:50:15 1800000 840000 back_to_the_future
2021-10-16T01:18:58 300000 60000 openapi
2021-10-16T01:10:30 300000 60000 openapi
2021-10-16T01:03:53 1500000 540000 child-resource-insert-cte
2021-10-15T22:20:51 1680000 960000 authn-start
2021-10-15T22:15:09 1680000 840000 authn-start
2021-10-15T22:14:07 1620000 840000 authn-start
2021-10-15T21:35:15 1800000 1320000 authn-start
2021-10-15T19:06:32 1800000 840000 authn-start
2021-10-15T17:01:59 1980000 1080000 authn-start
2021-10-15T16:36:33 1680000 1140000 authn-start
2021-10-15T16:00:12 1800000 780000 authn-start
2021-10-15T14:14:33 1740000 1020000 identity-metadata
2021-10-15T08:33:52 300000 60000 spdm-negotiation
2021-10-15T08:19:06 300000 60000 spdm-negotiation
2021-10-15T00:15:28 1680000 720000 authn-start
2021-10-14T23:57:08 1800000 840000 diesel-uncommon
2021-10-14T21:00:24 1740000 1080000 back_to_the_future
2021-10-14T18:03:36 1380000 780000 child-resource-insert-cte
2021-10-14T17:59:42 1620000 1140000 identity-metadata
2021-10-14T16:14:35 22500000 21660000 diesel-uncommon
2021-10-14T15:34:50 22560000 21660000 diesel-uncommon
2021-10-14T00:46:20 1620000 840000 upgrade-cockroach
2021-10-14T00:45:13 1440000 840000 upgrade-cockroach
2021-10-13T21:55:10 1320000 660000 add-router-api
2021-10-13T21:43:01 1680000 1200000 back_to_the_future
2021-10-13T21:37:15 1320000 540000 add-router-api
2021-10-13T20:35:02 1800000 900000 add_orgs
2021-10-13T19:38:17 1560000 1080000 diesel-uncommon
2021-10-13T19:23:51 1740000 840000 identity-metadata
2021-10-13T01:54:52 1680000 1140000 add_orgs
2021-10-13T01:43:12 1740000 1140000 add_orgs
2021-10-13T01:17:44 1560000 960000 add_orgs
2021-10-13T00:58:57 1620000 1440000 upgrade-cockroach
2021-10-12T20:46:49 1620000 840000 teisenbe-fix-nexus-path
2021-10-12T20:38:10 1740000 1140000 teisenbe-fix-nexus-path
2021-10-12T20:27:35 1800000 900000 move-api-id
2021-10-12T17:18:53 22500000 8040000 nexus-name
2021-10-11T22:58:10 1740000 1380000 teisenbe-fix-nexus-path
2021-10-11T17:36:38 1560000 840000 openapi
2021-10-11T17:34:06 1560000 1440000 openapi
2021-10-11T14:59:54 1500000 960000 dependabot/cargo/trybuild-1.0.49
2021-10-11T14:35:52 1560000 1140000 dependabot/cargo/trybuild-1.0.49
2021-10-11T14:35:50 1620000 960000 dependabot/cargo/quote-1.0.10
2021-10-11T14:19:56 1620000 840000 identity-metadata
2021-10-11T14:19:46 1680000 900000 move-api-id
2021-10-11T14:13:37 1740000 1440000 dependabot/cargo/quote-1.0.10
2021-10-11T14:13:36 1740000 1380000 dependabot/cargo/trybuild-1.0.49
2021-10-11T14:13:35 1740000 1080000 dependabot/cargo/reqwest-0.11.5
2021-10-11T13:49:21 1740000 1320000 dependabot/cargo/reqwest-0.11.5
2021-10-11T13:49:21 1560000 1320000 dependabot/cargo/trybuild-1.0.49
2021-10-11T13:49:17 1500000 840000 dependabot/cargo/thiserror-1.0.30
2021-10-11T13:46:22 1620000 1320000 dependabot/cargo/steno-c6ea85c
2021-10-11T13:46:16 1560000 1140000 dependabot/cargo/quote-1.0.10
2021-10-11T13:46:13 1800000 1440000 dependabot/cargo/trybuild-1.0.49
2021-10-11T13:46:12 1680000 780000 dependabot/cargo/reqwest-0.11.5
2021-10-11T13:45:58 1620000 840000 dependabot/cargo/thiserror-1.0.30
2021-10-11T00:35:11 1680000 1380000 dependabot/cargo/quote-1.0.10
2021-10-11T00:35:01 1620000 1320000 dependabot/cargo/steno-c6ea85c
2021-10-11T00:34:40 1740000 900000 dependabot/cargo/trybuild-1.0.49
2021-10-11T00:34:28 1620000 840000 dependabot/cargo/syn-1.0.80
2021-10-11T00:34:13 1740000 1380000 dependabot/cargo/reqwest-0.11.5
2021-10-09T15:50:18 1740000 840000 openapi
2021-10-08T22:28:08 1560000 1200000 authn-start
2021-10-08T21:47:44 1740000 1020000 identity-metadata
2021-10-08T21:40:46 1800000 1260000 diesel-uncommon
2021-10-08T21:26:55 1560000 1560000 identity-metadata
2021-10-08T19:57:01 1680000 840000 move-api-id
2021-10-08T19:55:38 1680000 1140000 diesel-uncommon
2021-10-08T19:29:02 1740000 1440000 oximeter/split-crates-by-function
2021-10-08T17:43:58 1800000 900000 oximeter/split-crates-by-function
2021-10-08T16:51:08 1740000 840000 omicron-prefixes
2021-10-08T16:49:30 1740000 1200000 oximeter/split-crates-by-function
2021-10-08T16:01:27 1680000 1080000 diesel-uncommon
2021-10-08T16:01:19 1800000 1080000 omicron-prefixes
2021-10-08T16:01:08 1620000 1440000 common-breakup-dev
2021-10-08T15:52:20 1800000 900000 omicron-prefixes
2021-10-08T15:17:54 1800000 1380000 diesel-uncommon
2021-10-08T15:12:49 1620000 960000 diesel-uncommon
2021-10-08T15:12:22 1740000 1500000 identity-metadata
2021-10-08T15:12:14 1800000 840000 move-api-id
2021-10-08T15:12:05 1680000 1080000 common-breakup-dev
2021-10-08T14:22:40 1740000 960000 agent-merge
2021-10-08T03:41:20 1320000 480000 diesel-uncommon
2021-10-08T03:33:50 1260000 780000 diesel-uncommon
2021-10-08T03:31:28 1740000 1140000 diesel-uncommon
2021-10-07T23:04:46 1680000 840000 steno-update
2021-10-07T22:59:34 1560000 1320000 agent-merge
2021-10-07T22:45:57 1620000 1140000 common-breakup-dev
2021-10-07T21:34:43 1680000 840000 agent-merge
2021-10-07T21:11:44 1620000 780000 agent-merge
2021-10-07T21:04:32 1740000 840000 agent-merge
2021-10-07T19:31:01 1560000 780000 move-api-id
2021-10-07T19:06:51 1740000 840000 updated-gitignore
2021-10-07T18:36:59 1560000 1380000 updated-gitignore
2021-10-07T18:03:13 1740000 840000 updated-gitignore
2021-10-07T17:57:03 1620000 960000 oximeter/collector-type-cleanup
2021-10-07T17:23:53 1620000 1020000 oximeter/producer-trait-cleanup
2021-10-07T17:03:42 1800000 840000 oximeter/producer-trait-cleanup
2021-10-06T20:52:37 1680000 900000 identity-metadata
2021-10-06T20:48:42 1680000 1080000 move-api-id
2021-10-06T20:47:38 1800000 1380000 move-api-id
2021-10-06T19:24:04 1800000 840000 paginate-saga
2021-10-06T19:21:57 1620000 840000 identity-metadata
2021-10-06T19:08:35 1440000 1020000 identity-metadata
2021-10-06T18:59:35 1620000 840000 identity-metadata
2021-10-05T20:01:16 300000 60000 spdm-bootstrap-agent
2021-10-05T19:49:54 1740000 840000 sled-in-db
2021-10-05T18:33:47 1560000 1380000 sled-in-db
2021-10-05T18:30:03 1620000 1560000 identity-metadata
2021-10-05T14:11:24 1920000 840000 sled-in-db
2021-10-05T13:32:16 1860000 840000 sled-in-db
2021-10-05T09:47:14 1740000 1080000 illumos-ci
2021-10-05T09:23:36 1740000 1440000 illumos-ci
2021-10-05T09:22:42 300000 60000 illumos-ci
2021-10-05T09:08:37 1740000 840000 enable-buildomat
2021-10-05T03:13:34 300000 60000 spdm-bootstrap-agent
2021-10-04T23:41:51 1260000 540000 spdm-bootstrap-agent
2021-10-04T22:51:57 1440000 660000 spdm-bootstrap-agent
2021-10-04T22:43:04 1860000 780000 dependabot/cargo/postgres-protocol-0.6.2
2021-10-04T22:26:21 1680000 840000 dependabot/cargo/postgres-protocol-0.6.2
2021-10-04T22:26:19 1560000 780000 dependabot/cargo/tokio-postgres-0.7.3
2021-10-04T21:34:06 1500000 960000 dependabot/cargo/postgres-protocol-0.6.2
2021-10-04T21:34:03 1560000 1020000 dependabot/cargo/tokio-postgres-0.7.3
2021-10-04T21:33:44 1800000 1020000 dependabot/cargo/expectorate-1.0.4
2021-10-04T21:19:04 1740000 960000 sled-in-db
2021-10-04T20:44:49 1980000 780000 dependabot/cargo/tokio-postgres-0.7.3
2021-10-04T20:44:43 1680000 900000 dependabot/cargo/expectorate-1.0.4
2021-10-04T20:44:41 1740000 780000 dependabot/cargo/postgres-protocol-0.6.2
2021-10-04T20:43:14 1680000 1080000 dependabot/cargo/steno-7677fdd
2021-10-04T20:36:31 1800000 1080000 dependabot/cargo/steno-7677fdd
2021-10-04T20:31:15 1620000 780000 paginate-saga
2021-10-04T20:31:02 1860000 780000 paginate-saga
2021-10-04T20:27:12 1680000 1020000 paginate-saga
2021-10-04T15:55:25 1740000 840000 paginate-saga
2021-10-04T15:52:57 1680000 1020000 paginate-saga
2021-10-04T14:22:47 1500000 960000 dependabot/cargo/postgres-protocol-0.6.2
2021-10-04T14:22:33 1800000 900000 dependabot/cargo/expectorate-1.0.4
2021-10-04T14:22:19 1740000 900000 dependabot/cargo/syn-1.0.78
2021-10-04T14:22:16 1740000 900000 dependabot/cargo/tokio-postgres-0.7.3
2021-10-04T14:20:21 1860000 780000 dependabot/cargo/steno-7677fdd
2021-10-04T00:38:14 1800000 840000 dependabot/cargo/postgres-protocol-0.6.2
2021-10-04T00:38:05 1740000 780000 dependabot/cargo/expectorate-1.0.4
2021-10-04T00:37:58 1680000 1080000 dependabot/cargo/syn-1.0.78
2021-10-04T00:37:50 1680000 900000 dependabot/cargo/dropshot-f99a003
2021-10-03T03:40:08 1320000 540000 spdm-bootstrap-agent
2021-10-02T21:59:35 1020000 120000 spdm-bootstrap-agent
2021-10-01T20:35:07 1440000 840000 nexus/endpoint-counter
2021-10-01T20:34:58 1920000 840000 oximeter/producer-cleanup
2021-10-01T20:34:49 1560000 1020000 oximeter/refactor-into-library
2021-10-01T18:22:37 1620000 960000 oximeter/assign-producers-on-startup
2021-10-01T18:00:08 1800000 1200000 oximeter/better-traits
2021-10-01T02:58:02 1680000 780000 oximeter/assign-producers-on-startup
2021-09-30T16:36:40 1800000 1020000 fix/clickhouse-client-oddities
2021-09-30T16:19:42 1740000 1080000 fix/clickhouse-client-oddities
2021-09-30T04:31:13 1680000 900000 fix/clickhouse-client-oddities
2021-09-30T04:25:11 1860000 960000 fix/clickhouse-client-oddities
2021-09-30T00:21:45 1740000 1080000 authn-start
2021-09-29T01:53:11 1800000 780000 oximeter/assign-producers-on-startup
2021-09-28T20:10:47 1680000 960000 oximeter/log-linear-histograms
2021-09-27T20:36:17 1680000 840000 oximeter/macro-cleanup
2021-09-27T20:35:03 1680000 1320000 oximeter/macro-cleanup
2021-09-27T19:45:09 1740000 1320000 dependabot/cargo/steno-7677fdd
2021-09-27T19:23:37 1800000 1080000 dependabot/cargo/schemars-0.8.6
2021-09-27T17:53:48 1680000 900000 dependabot/cargo/schemars-0.8.6
2021-09-27T17:35:07 1740000 1380000 oximeter/assign-producers-on-startup
2021-09-27T17:19:55 1860000 1260000 dependabot/cargo/steno-7677fdd
2021-09-27T17:19:52 1560000 840000 dependabot/cargo/schemars-0.8.6
2021-09-27T16:57:57 1560000 840000 dependabot/cargo/steno-7677fdd
2021-09-27T16:57:53 1860000 1140000 dependabot/cargo/tokio-1.12.0
2021-09-27T16:57:52 1620000 1200000 dependabot/cargo/schemars-0.8.6
2021-09-27T16:38:36 1860000 1020000 dependabot/cargo/libc-0.2.103
2021-09-27T16:38:36 1740000 1140000 dependabot/cargo/steno-7677fdd
2021-09-27T16:38:34 1740000 960000 dependabot/cargo/schemars-0.8.6
2021-09-27T16:38:30 1620000 1140000 dependabot/cargo/tokio-1.12.0
2021-09-27T16:19:08 1620000 1260000 dependabot/cargo/steno-7677fdd
2021-09-27T16:18:26 1740000 1020000 dependabot/cargo/schemars-0.8.6
2021-09-27T16:18:23 1740000 1020000 dependabot/cargo/hyper-0.14.13
2021-09-27T16:18:08 1800000 1440000 dependabot/cargo/tokio-1.12.0
2021-09-27T16:17:53 1980000 1020000 dependabot/cargo/libc-0.2.103
2021-09-27T15:56:22 1680000 1320000 dependabot/cargo/schemars-0.8.6
2021-09-27T15:56:21 1620000 1440000 dependabot/cargo/hyper-0.14.13
2021-09-27T15:56:21 1800000 1320000 dependabot/cargo/tokio-1.12.0
2021-09-27T15:56:18 1860000 1140000 dependabot/cargo/subprocess-0.2.8
2021-09-27T15:56:02 1740000 1260000 dependabot/cargo/steno-7677fdd
2021-09-27T15:39:06 1680000 1200000 dependabot/cargo/tokio-1.12.0
2021-09-27T15:39:03 1680000 900000 dependabot/cargo/syn-1.0.77
2021-09-27T15:39:00 1560000 1140000 dependabot/cargo/schemars-0.8.6
2021-09-27T15:38:53 1680000 1200000 dependabot/cargo/hyper-0.14.13
2021-09-27T15:38:44 1860000 1260000 dependabot/cargo/subprocess-0.2.8
2021-09-27T00:40:38 1740000 780000 dependabot/cargo/hyper-0.14.13
2021-09-27T00:40:21 1860000 1200000 dependabot/cargo/tokio-1.12.0
2021-09-27T00:40:05 1800000 1200000 dependabot/cargo/syn-1.0.77
2021-09-27T00:39:46 1740000 900000 dependabot/cargo/http-0.2.5
2021-09-27T00:39:34 1560000 960000 dependabot/cargo/subprocess-0.2.8
2021-09-24T18:15:18 1800000 1320000 dead-code
2021-09-24T18:00:18 1860000 840000 dead-code
2021-09-24T17:48:54 1740000 1320000 diesel-error-messages
2021-09-24T17:27:58 1740000 840000 oximeter/cumulative-metric-start-times
2021-09-24T17:14:26 1680000 780000 dead-code
2021-09-24T17:00:41 1440000 840000 dead-code
2021-09-24T16:55:53 1800000 1620000 oximeter/cumulative-metric-start-times
2021-09-24T16:52:12 1680000 21600000 dead-code
2021-09-24T16:38:21 1680000 1320000 fix/diesel-error-mismerge
2021-09-24T15:55:50 1560000 960000 diesel-error-messages
2021-09-24T02:04:27 1740000 4980000 diesel-error-messages
2021-09-24T01:22:21 1620000 900000 oximeter/cumulative-metric-start-times
2021-09-24T00:22:26 1800000 1320000 oximeter/assign-producers-on-startup
2021-09-23T23:53:33 1620000 1080000 abandoned/disallow-full-scan
2021-09-23T23:22:03 1500000 600000 main
2021-09-23T23:18:17 1680000 960000 oximeter/cumulative-metric-start-times
2021-09-23T21:50:57 1500000 600000 oximeter/assign-producers-on-startup
2021-09-23T19:49:46 1800000 1140000 async-bb8-diesel
2021-09-23T02:10:45 1740000 840000 nexus/use-oximeter-database-representation
2021-09-22T21:32:47 1680000 900000 oximeter/cumulative-metric-start-times
2021-09-22T20:26:14 1680000 1500000 oximeter/cumulative-metric-start-times
2021-09-22T19:42:14 1620000 900000 sled-in-db
2021-09-22T19:42:07 1740000 1500000 dependabot/cargo/serde_json-1.0.68
2021-09-22T19:38:01 1740000 1020000 dependabot/cargo/serde_json-1.0.68
2021-09-22T19:36:35 1680000 1080000 main
2021-09-22T19:36:20 1740000 1260000 main
2021-09-22T19:35:48 1800000 1080000 main
2021-09-22T19:34:54 1800000 1140000 main
2021-09-22T19:33:59 1800000 1200000 identity-metadata
2021-09-22T18:57:16 1800000 1320000 identity-metadata
2021-09-22T13:58:39 1680000 1380000 sled-in-db
2021-09-22T13:58:22 1800000 1320000 sled-in-db
2021-09-21T16:39:00 1800000 900000 diesel-selectable
2021-09-20T17:53:16 1680000 1020000 diesel-selectable
2021-09-20T12:11:26 1740000 960000 sled-in-db
2021-09-20T00:37:18 1560000 780000 dependabot/cargo/libc-0.2.102
2021-09-20T00:36:59 1740000 1080000 dependabot/cargo/serde_json-1.0.68
2021-09-20T00:36:43 1800000 1020000 dependabot/cargo/schemars-0.8.4
2021-09-19T14:30:47 1800000 1020000 paginate-saga
2021-09-19T14:28:42 1800000 780000 paginate-saga
2021-09-17T20:24:09 1800000 900000 main
2021-09-17T19:40:46 1860000 960000 pkg-config-install-note
2021-09-16T16:51:15 1800000 1020000 warnings-deny
2021-09-16T16:50:11 1740000 1260000 warnings-deny
2021-09-16T16:26:27 1620000 840000 warnings-deny
2021-09-16T15:59:30 1800000 1020000 warnings-deny
2021-09-16T13:54:18 1500000 1080000 warnings-deny
2021-09-16T01:51:14 2520000 1500000 warnings-deny
2021-09-16T00:10:50 2160000 1560000 warnings-deny
2021-09-15T23:54:31 2340000 240000 warnings-deny
2021-09-15T23:42:24 2160000 240000 warnings-deny
2021-09-15T23:16:03 1380000 180000 warnings-deny
2021-09-15T22:57:26 1620000 1020000 warning-cleanup
2021-09-15T22:52:12 1440000 720000 warning-cleanup
2021-09-15T22:48:59 1800000 1020000 warning-cleanup
2021-09-15T22:46:09 1740000 1020000 dependabot/cargo/dropshot-9cc920c
2021-09-15T22:46:08 1920000 4560000 dependabot/cargo/anyhow-1.0.44
2021-09-15T22:44:05 1800000 780000 main
2021-09-15T22:30:05 2220000 240000 warnings-deny
2021-09-15T21:28:36 1620000 960000 use-joins
2021-09-15T21:04:33 1680000 1020000 use-joins
2021-09-15T20:57:34 1740000 960000 use-joins
2021-09-15T20:56:43 1860000 1020000 use-joins
2021-09-15T20:51:34 1500000 1020000 use-joins
2021-09-15T20:38:06 1680000 960000 use-joins
2021-09-15T20:37:37 1620000 1020000 use-joins
2021-09-15T20:26:42 1560000 1020000 warning-cleanup
2021-09-15T20:17:50 1620000 1020000 use-joins
2021-09-15T20:11:55 1800000 1020000 dependabot/cargo/dropshot-9cc920c
2021-09-15T20:10:14 1680000 960000 use-joins
2021-09-15T18:17:20 1500000 660000 use-joins
2021-09-15T18:11:45 1380000 660000 use-joins
2021-09-15T17:58:45 1620000 780000 vpc-subnets-crud
2021-09-15T17:56:49 1740000 900000 vpc-subnets-crud
2021-09-15T17:09:34 1620000 840000 vpc-subnets-crud
2021-09-15T17:01:31 1860000 840000 vpc-subnets-crud
2021-09-15T16:41:19 1800000 960000 vpc-subnets-crud
2021-09-15T02:23:04 1620000 1320000 use-v4-net-directly
2021-09-15T00:24:02 1800000 1020000 issue-213-2
2021-09-15T00:10:27 1320000 840000 issue-213-static
2021-09-14T23:54:59 1680000 780000 issue-213-2
2021-09-14T23:53:14 1560000 840000 issue-213-2
2021-09-14T23:49:54 1860000 960000 issue-213-2
2021-09-14T23:45:01 1740000 900000 issue-213-2
2021-09-14T23:41:29 1500000 900000 issue-213-2
2021-09-14T23:38:48 1740000 1140000 issue-213-2
2021-09-14T23:11:19 1620000 960000 vpc-subnets-crud
2021-09-14T22:57:05 1500000 840000 issue-213-2
2021-09-14T22:51:37 1560000 1080000 vpc-subnets-crud
2021-09-14T19:33:04 1740000 1140000 vpc-subnets-crud
2021-09-14T18:41:22 1800000 1020000 vpc-subnets-crud
2021-09-14T18:01:21 1860000 1200000 main
2021-09-14T17:16:43 1740000 1920000 delete-tokio-pg-to-from
2021-09-14T16:54:26 1560000 1260000 delete-tokio-pg-to-from
2021-09-13T22:41:09 1680000 840000 vpc-subnets-crud
2021-09-13T22:21:36 1380000 1260000 issue-213-static
2021-09-13T22:16:58 1620000 900000 paginate-saga
2021-09-13T22:16:32 1740000 960000 paginate-saga
2021-09-13T19:00:17 1620000 1320000 vpc-subnets-crud
2021-09-13T18:51:50 1560000 1380000 sled-in-db
2021-09-13T18:08:15 1740000 1380000 vpc-subnets-crud
2021-09-13T18:03:40 1560000 1260000 vpc-subnets-crud
2021-09-13T17:35:38 1800000 1320000 fix/update-clickhouse-checksums
2021-09-13T17:06:17 1680000 4380000 sled-in-db
2021-09-13T16:54:39 1320000 900000 sled-in-db
2021-09-13T16:54:02 1740000 1320000 sled-in-db
2021-09-13T16:37:08 1560000 1140000 vpc-subnets-crud
2021-09-13T04:01:14 1320000 840000 demo_m2
2021-09-13T00:36:13 1680000 1200000 dependabot/cargo/anyhow-1.0.44
2021-09-13T00:36:08 1680000 1080000 dependabot/cargo/dropshot-9cc920c
2021-09-11T01:59:54 1200000 1080000 issue-213-static
2021-09-11T01:03:24 1860000 1320000 vpc-subnets-crud
2021-09-10T23:08:18 1440000 1140000 issue-213-static
2021-09-10T22:16:11 1560000 780000 issue-213-2
2021-09-10T22:05:15 1740000 540000 issue-213-2
2021-09-10T21:05:23 1740000 1440000 vpc-subnets-crud
2021-09-10T21:04:33 1620000 1140000 vpc-subnets-crud
2021-09-10T21:01:24 1680000 1320000 vpc-subnets-crud
2021-09-10T20:43:43 1680000 900000 vpc-subnets-crud
2021-09-10T20:27:09 1560000 840000 vpc-subnets-crud
2021-09-10T19:24:00 1680000 1320000 test-resource-helpers
2021-09-10T18:12:22 1620000 1260000 test-resource-helpers
2021-09-10T16:57:32 1740000 1080000 rename-schema-file
2021-09-10T16:36:50 1500000 1260000 oximeter/cumulative-metric-start-times
2021-09-10T16:36:09 1680000 1320000 upgrade-cockroach
2021-09-10T03:53:02 1440000 1200000 oximeter/cumulative-metric-start-times
2021-09-09T19:10:56 3120000 3540000 pkg-config-install-note
2021-09-09T19:10:10 1680000 1260000 pkg-config-install-note
2021-09-09T17:46:18 1740000 1080000 main
2021-09-09T16:27:49 1620000 1380000 pkg-config-install-note
2021-09-09T16:25:07 1740000 960000 pkg-config-install-note
2021-09-09T13:51:14 1560000 1260000 main
2021-09-09T00:12:19 1620000 780000 issue-213-2
2021-09-08T23:40:34 960000 180000 issue-213-2
2021-09-08T23:18:14 1560000 1080000 issue-213-rustdocflags
2021-09-08T19:54:53 1620000 1380000 my-BRAND
2021-09-08T19:03:09 1560000 1200000 iliana-readme-fix
2021-09-08T15:45:57 1740000 1020000 diesel-fewer-features
2021-09-08T14:48:44 1560000 960000 crucible-sled-agent
2021-09-08T14:14:06 1320000 660000 crucible-sled-agent
2021-09-07T18:24:52 1620000 1260000 pass-nics-and-use-em
2021-09-07T15:25:55 1680000 660000 pass-nics-and-use-em
2021-09-04T02:48:09 1560000 1020000 issue-213-2
2021-09-04T00:16:50 1620000 900000 issue-213-2
2021-09-03T09:05:42 1380000 480000 demo_m2
2021-09-03T04:13:39 1500000 540000 demo_m2
2021-09-03T03:08:18 1500000 660000 demo_m2
2021-09-03T02:19:35 1560000 600000 demo_m2
2021-09-02T23:05:07 1620000 960000 pr-218
2021-09-02T22:36:58 1560000 780000 issue-213
2021-09-02T20:41:33 1560000 840000 fix/broken-oximeter-manifest
2021-09-02T18:08:41 1620000 540000 demo_m2
2021-09-02T17:52:30 1680000 600000 demo_m2
2021-09-02T17:30:50 1500000 540000 demo_m2
2021-09-02T16:06:30 840000 120000 demo_m2
2021-09-02T14:54:44 1260000 660000 demo_m2
2021-09-02T14:43:57 1200000 540000 demo_m2
2021-09-02T13:58:09 1200000 480000 demo_m2
2021-09-02T08:34:35 1440000 420000 demo_m2
2021-09-02T06:17:35 1560000 480000 jclulow
2021-09-01T23:56:29 1560000 840000 jclulow
2021-09-01T23:23:26 1800000 840000 jclulow
2021-09-01T22:01:25 1440000 600000 pass-nics-and-use-em
2021-09-01T21:51:37 1740000 900000 main
2021-09-01T21:27:06 1440000 900000 pg-hack
2021-09-01T21:10:24 1620000 1020000 pg-hack
2021-09-01T20:46:41 1620000 900000 pg-hack
2021-09-01T20:43:22 1500000 900000 pg-hack
2021-09-01T18:12:21 1620000 900000 fix/clickhouse-illumos-checksum-fuckup
2021-09-01T16:33:09 1740000 780000 pass-nics-and-use-em
2021-09-01T16:19:02 1620000 960000 instance-hw
2021-09-01T15:24:13 1380000 600000 dependabot/cargo/futures-0.3.17
2021-09-01T15:24:08 1740000 1140000 dependabot/cargo/serde_json-1.0.67
2021-09-01T15:24:04 1440000 960000 dependabot/cargo/libc-0.2.101
2021-09-01T15:23:13 1740000 1080000 dependabot/cargo/hyper-0.14.12
2021-09-01T13:59:01 1680000 960000 diesel-test
2021-08-31T21:15:07 1560000 780000 diesel-test
2021-08-31T19:33:38 1500000 900000 diesel-test
2021-08-31T15:54:44 1740000 900000 diesel-test
2021-08-31T15:18:07 1380000 720000 diesel-selectable
2021-08-30T19:55:25 1500000 1020000 diesel-test
2021-08-30T19:46:38 2040000 1080000 diesel-test
2021-08-30T19:41:07 2580000 1020000 diesel-test
2021-08-30T16:07:58 1740000 1020000 diesel-test
2021-08-30T16:07:38 1920000 1020000 diesel-test
2021-08-30T00:33:04 1500000 780000 dependabot/cargo/serde_json-1.0.67
2021-08-27T17:41:41 2700000 1560000 fix/update-clickhouse
2021-08-26T22:41:55 1380000 900000 dependabot/cargo/trybuild-1.0.45
2021-08-26T22:41:11 1440000 780000 dependabot/cargo/serde_json-1.0.66
2021-08-26T22:39:51 1440000 840000 main
2021-08-26T15:46:45 1380000 960000 diesel-test
2021-08-26T14:49:04 2760000 1800000 lint
2021-08-26T05:55:59 1320000 720000 lint
2021-08-26T05:53:32 660000 60000 dependabot/cargo/hyper-0.14.12
2021-08-26T05:53:05 1260000 660000 dependabot/cargo/libc-0.2.101
2021-08-26T05:51:52 1260000 720000 main
2021-08-25T02:29:33 1560000 840000 diesel-test
2021-08-25T02:28:56 1800000 840000 diesel-test
2021-08-25T02:25:35 300000 60000 diesel-test
2021-08-24T23:20:33 1800000 780000 diesel-test
2021-08-24T20:45:12 1380000 840000 oximeter/database-filtering-tools
2021-08-23T17:56:25 0 0 oximeter/database-filtering-tools
2021-08-23T15:25:40 0 0 diesel-test
2021-08-23T00:22:14 0 0 dependabot/cargo/libc-0.2.100
2021-08-20T17:43:37 0 0 readme_updates
2021-08-18T15:40:02 1500000 780000 diesel-test
2021-08-18T15:10:57 1620000 840000 diesel-test
2021-08-18T03:18:15 1440000 660000 diesel-test
2021-08-18T02:54:20 1560000 720000 diesel-test
2021-08-18T02:52:45 1320000 780000 diesel-test
2021-08-16T13:34:19 1440000 780000 dependabot/cargo/serde_json-1.0.66
2021-08-16T13:34:14 1380000 1560000 dependabot/cargo/futures-0.3.16
2021-08-16T13:33:54 1500000 780000 dependabot/cargo/trybuild-1.0.45
2021-08-16T13:33:49 1440000 960000 dependabot/cargo/libc-0.2.99
2021-08-16T13:33:16 1260000 1500000 main
2021-08-16T00:41:14 1440000 780000 dependabot/cargo/tokio-1.10.0
2021-08-16T00:40:26 1320000 1080000 dependabot/cargo/bb8-0.7.1
2021-08-13T22:57:20 1380000 960000 gen-internal-openapi
2021-08-13T17:16:30 1380000 1020000 diesel-test
2021-08-13T05:16:20 1440000 900000 diesel-test
2021-08-13T05:05:36 1500000 780000 diesel-test
2021-08-13T01:48:58 1380000 1080000 gen-internal-openapi
2021-08-13T00:27:38 1260000 1200000 gen-internal-openapi
2021-08-13T00:23:53 1500000 960000 gen-internal-openapi
2021-08-13T00:20:39 1260000 1140000 gen-internal-openapi
2021-08-12T23:43:56 1500000 960000 diesel-test
2021-08-12T23:37:16 1200000 960000 diesel-test
2021-08-12T23:17:27 1440000 960000 gen-internal-openapi
2021-08-11T21:22:47 1200000 840000 diesel-test
2021-08-11T21:06:26 1140000 780000 diesel-test
2021-08-11T18:56:08 1260000 840000 diesel-test
2021-08-09T19:46:11 1500000 1620000 upgrade-cockroach
2021-08-09T19:44:05 1380000 1200000 upgrade-cockroach
2021-08-09T18:07:19 1260000 900000 diesel-test
2021-08-09T13:57:01 1500000 720000 diesel-test
2021-08-09T13:44:54 1260000 720000 diesel-test
2021-08-09T00:30:39 1440000 1020000 dependabot/cargo/trybuild-1.0.44
2021-08-08T23:25:03 1380000 720000 diesel-test
2021-08-08T21:57:15 1560000 660000 diesel-test
2021-08-08T19:08:03 1440000 1140000 diesel-test
2021-08-08T18:55:18 1440000 600000 diesel-test
2021-08-08T18:53:20 1140000 1080000 diesel-test
2021-08-08T18:20:52 1440000 600000 diesel-test
2021-08-07T21:35:46 1440000 1080000 diesel-test
2021-08-07T19:56:17 1320000 660000 diesel-test
2021-08-07T02:21:16 1320000 960000 views-params
2021-08-07T02:00:58 1260000 840000 views-params
2021-08-07T00:30:23 1200000 900000 views-params
2021-08-06T21:46:55 1440000 1080000 views-params
2021-08-06T21:16:53 1260000 900000 views-params
2021-08-06T21:14:44 1380000 840000 views-params
2021-08-06T21:07:06 1080000 660000 views-params
2021-08-06T20:52:31 1140000 780000 views-params
2021-08-06T20:49:38 1140000 840000 views-params
2021-08-06T20:47:28 1080000 840000 views-params
2021-08-06T20:22:48 1320000 1080000 main
2021-08-06T20:04:21 1200000 840000 no-view-sufffix
2021-08-06T19:29:57 1260000 960000 model-type
2021-08-06T19:24:38 1380000 1080000 no-view-sufffix
2021-08-06T16:23:27 1380000 1140000 instance-db-types
2021-08-06T05:17:02 1320000 1080000 instance-db-types
2021-08-06T05:11:04 1500000 1020000 instance-db-types
2021-08-06T05:08:34 1380000 1080000 instance-db-types
2021-08-06T03:57:00 1320000 600000 instance-db-types
2021-08-06T01:35:23 1440000 660000 instance-db-types
2021-08-05T17:43:28 1560000 1140000 instance-db-types
2021-08-05T17:38:50 1260000 780000 vpc-details
2021-08-05T15:50:22 1440000 960000 vpc-details
2021-08-05T15:37:51 360000 1260000 vpc-details
2021-08-05T04:53:41 1380000 720000 vpc-details
2021-08-05T04:47:20 1260000 900000 vpc-details
2021-08-05T04:40:12 1440000 1020000 vpc-details
2021-08-04T22:57:06 1200000 720000 instance-db-types
2021-08-04T20:27:41 1320000 1020000 vpc-details
2021-08-04T20:27:15 1380000 960000 vpc-details
2021-08-04T20:26:36 1260000 1020000 vpc-details
2021-08-04T20:23:14 1320000 840000 vpc-details
2021-08-04T20:19:55 1260000 1080000 vpc-details
2021-08-04T19:53:13 1260000 540000 pass-nics-and-use-em
2021-08-04T19:53:05 1260000 960000 instance-hw
2021-08-04T19:41:39 1440000 1320000 default-vpc
2021-08-04T19:18:47 1200000 1020000 default-vpc
2021-08-04T18:34:36 1260000 960000 dependabot/cargo/serde_json-1.0.66
2021-08-04T18:33:21 1260000 1080000 main
2021-08-03T03:54:02 1260000 780000 main
2021-08-03T03:37:04 1260000 840000 vpc-update
2021-08-03T03:17:17 1320000 600000 vpc-update
2021-08-03T03:06:57 1260000 720000 vpc-update
2021-08-03T03:01:27 1440000 600000 vpc-update
2021-08-03T02:59:52 1380000 780000 vpc-update
2021-08-02T13:10:50 1500000 1140000 dependabot/cargo/futures-0.3.16
2021-08-02T13:09:57 1380000 720000 dependabot/cargo/hyper-0.14.11
2021-08-02T13:08:41 1320000 840000 dependabot/cargo/serde-1.0.127
2021-08-02T12:45:13 1320000 660000 dependabot/cargo/async-trait-0.1.51
2021-08-02T00:34:58 1320000 720000 dependabot/cargo/dropshot-1c6f4d1
2021-07-30T23:26:42 1500000 660000 vpc-update
2021-07-30T16:03:30 1380000 720000 vpc-update
2021-07-30T15:57:11 1440000 720000 vpc-update
2021-07-30T15:25:19 1200000 720000 vpc-update
2021-07-30T15:22:57 1260000 780000 vpc-update
2021-07-30T14:57:01 1260000 600000 vpc-update
2021-07-30T14:07:47 1320000 720000 index-flip
2021-07-30T02:36:02 1440000 780000 diesel-test
2021-07-29T16:39:39 1260000 780000 networking-endpoints
2021-07-29T16:26:29 1200000 720000 networking-endpoints
2021-07-29T16:17:58 1320000 720000 networking-endpoints
2021-07-29T15:59:03 1320000 720000 networking-endpoints
2021-07-29T15:29:51 1320000 780000 networking-endpoints
2021-07-29T02:05:37 1380000 780000 networking-endpoints
2021-07-29T02:00:29 1380000 840000 networking-endpoints
2021-07-29T00:48:48 1320000 780000 networking-endpoints
2021-07-28T22:53:36 1200000 780000 networking-endpoints
2021-07-28T22:51:14 1320000 600000 networking-endpoints
2021-07-28T21:28:58 1500000 600000 networking-endpoints
2021-07-28T21:08:14 1200000 780000 networking-endpoints
2021-07-28T21:03:37 1260000 660000 networking-endpoints
2021-07-28T20:39:08 1260000 660000 networking-endpoints
2021-07-28T20:32:16 1320000 660000 networking-endpoints
2021-07-28T20:11:04 1200000 780000 networking-endpoints
2021-07-28T19:15:52 1320000 600000 networking-endpoints
2021-07-28T19:15:41 1200000 840000 networking-endpoints
2021-07-28T18:52:09 1320000 600000 networking-endpoints
2021-07-28T17:52:01 1320000 720000 networking-endpoints
2021-07-28T17:34:55 1260000 600000 networking-endpoints
2021-07-28T17:23:57 1260000 900000 networking-endpoints
2021-07-28T17:19:14 1260000 780000 networking-endpoints
2021-07-28T15:11:28 1200000 780000 instance-hw
2021-07-28T15:01:28 1320000 720000 api-separation
2021-07-28T14:54:04 1320000 780000 dependabot/cargo/futures-0.3.16
2021-07-28T14:54:02 1200000 720000 dependabot/cargo/hyper-0.14.11
2021-07-28T14:53:51 660000 180000 dependabot/cargo/dropshot-fcba085
2021-07-28T14:52:52 1380000 900000 main
2021-07-28T14:14:53 1200000 900000 api-separation
2021-07-28T13:52:49 1200000 900000 main
2021-07-27T13:55:37 1260000 780000 main
2021-07-27T13:42:53 1260000 720000 gh-less-skippy
2021-07-26T22:19:31 1320000 1020000 dependabot/cargo/syn-1.0.74
2021-07-26T21:59:52 1440000 660000 api-separation
2021-07-26T14:58:14 1260000 720000 dependabot/cargo/proc-macro2-1.0.28
2021-07-26T00:34:58 1380000 600000 dependabot/cargo/mockall-0.10.2
2021-07-22T15:01:33 1320000 840000 api-separation
2021-07-22T12:50:38 1380000 780000 api-separation
2021-07-22T12:48:43 1320000 780000 api-separation
2021-07-21T19:00:41 1320000 660000 oximeter/database-filtering-tools
2021-07-21T18:37:20 1500000 660000 oximeter/database-filtering-tools
2021-07-21T18:35:07 1320000 720000 main
2021-07-21T15:39:59 1320000 600000 nexus/basic-networking-types
2021-07-21T15:03:50 1200000 780000 nexus/basic-networking-types
2021-07-21T13:47:19 1380000 840000 instance-hw
2021-07-20T22:14:37 1140000 480000 instance-hw
2021-07-20T16:44:33 1260000 720000 nexus/basic-networking-types
2021-07-19T23:02:46 1320000 720000 nexus/basic-networking-types
2021-07-19T19:11:43 1440000 660000 nexus/basic-networking-types
2021-07-19T17:45:59 1380000 720000 main
2021-07-19T17:21:03 1320000 660000 api-prefixes-final-draft-totally-final-i-swear
2021-07-19T14:12:37 1320000 1020000 main
2021-07-19T13:20:16 1380000 900000 sa-instances
2021-07-15T22:02:41 1140000 840000 sa-skeleton
2021-07-15T00:01:51 1260000 1020000 nexus/basic-networking-types
2021-07-14T13:55:15 1320000 780000 openapi-bootstrap-agent
2021-07-14T13:55:14 1320000 840000 openapi-sled-agent
2021-07-14T12:34:11 1140000 900000 dependabot/cargo/dropshot-3a9cb2b
2021-07-13T19:34:26 1200000 780000 oximeter/database-filtering-tools
2021-07-13T16:16:09 1200000 1020000 api-rename
2021-07-13T15:03:42 1080000 600000 api-modules
2021-07-12T21:12:27 720000 60000 sa-instances
2021-07-12T14:10:14 1260000 960000 main
2021-07-12T14:09:56 1320000 900000 main
2021-07-12T00:49:54 1200000 600000 dependabot/cargo/dropshot-3a9cb2b
2021-07-09T19:13:07 1320000 780000 remove-api-prefix
2021-07-09T03:34:43 1260000 600000 sa-tests
2021-07-09T02:55:37 1320000 600000 oximeter/database-filtering-tools
2021-07-09T00:09:25 1260000 600000 oximeter/database-filtering-tools
2021-07-08T23:57:37 1440000 600000 oximeter/database-filtering-tools
2021-07-08T23:33:06 1320000 780000 oximeter/database-filtering-tools
2021-07-08T23:28:29 1260000 540000 oximeter/database-filtering-tools
2021-07-08T23:15:23 1140000 780000 remove-api-prefix
2021-07-08T20:39:43 1200000 900000 sa-tests
2021-07-08T19:41:10 1020000 600000 sa-tests
2021-07-08T18:22:36 780000 60000 sa-tests
2021-07-08T18:09:46 720000 60000 sa-tests
2021-07-08T17:48:43 1200000 900000 sa-instances
2021-07-08T16:32:46 1200000 780000 sa-skeleton
2021-07-08T15:33:33 1260000 900000 sa-skeleton
2021-07-08T15:27:50 1140000 840000 clickhouse-paths
2021-07-08T15:27:34 1260000 1140000 clickhouse-paths
2021-07-08T14:18:43 1260000 900000 real-sled-agent
2021-07-08T03:15:13 1380000 780000 oximeter/unify-targets-and-metrics-early
2021-07-08T02:58:43 1140000 900000 oximeter/unify-targets-and-metrics-early
2021-07-08T01:29:44 1140000 780000 oximeter/unify-targets-and-metrics-early
2021-07-07T22:44:32 1140000 600000 oximeter/improved-metric-db-schema
2021-07-07T22:39:53 1260000 1020000 real-sled-agent
2021-07-07T21:29:18 1260000 900000 main
2021-07-07T21:04:40 1380000 840000 oximeter/database-filtering-tools
2021-07-07T20:58:12 1140000 780000 oximeter/no-key-in-materialized-types
2021-07-07T20:53:15 1320000 660000 main
2021-07-07T20:34:59 1260000 1020000 main
2021-07-07T20:33:16 1200000 1080000 oximeter/unordered-field-names
2021-07-07T20:33:00 1200000 600000 oximeter/database-filtering-tools
2021-07-07T19:08:40 1260000 780000 oximeter/database-filtering-tools
2021-07-07T00:55:06 1200000 840000 oximeter/database-filtering-tools
2021-07-07T00:28:33 1320000 1020000 oximeter/database-filtering-tools
2021-07-07T00:27:45 1260000 840000 oximeter/database-filtering-tools
2021-07-05T00:41:15 1260000 600000 dependabot/cargo/thiserror-1.0.26
2021-07-05T00:40:10 1260000 840000 dependabot/cargo/structopt-0.3.22
2021-07-02T21:57:24 1260000 960000 oximeter/database-filtering-tools
2021-07-01T20:46:22 1260000 840000 oximeter/database-filtering-tools
2021-07-01T17:56:25 1320000 900000 main
2021-06-30T18:40:02 1380000 900000 fix/clickhouse-wtf
2021-06-30T16:45:58 1200000 780000 main
2021-06-30T15:19:19 1200000 720000 main
2021-06-29T23:25:19 2520000 1620000 fix/where-are-you-clickhouse-port
2021-06-29T22:18:55 1200000 720000 fix/where-are-you-clickhouse-port
2021-06-29T22:05:10 1200000 540000 fix/where-are-you-clickhouse-port
2021-06-29T20:16:02 1020000 420000 fix/where-are-you-clickhouse-port
2021-06-29T20:00:33 1320000 720000 main
2021-06-29T19:20:58 1200000 600000 main
2021-06-29T17:55:37 1860000 720000 fix/where-are-you-clickhouse-port
2021-06-29T15:44:10 1320000 660000 packaging-toolchain
2021-06-29T15:43:36 1200000 720000 bootstrap-typos
2021-06-29T15:36:18 1200000 720000 state-machinery-destroy
2021-06-29T15:22:39 1500000 660000 real-sled-agent
2021-06-29T13:41:53 1320000 720000 main
2021-06-28T00:46:37 1260000 660000 dependabot/cargo/dropshot-feea258
2021-06-24T19:48:14 1320000 600000 dev/robust-clickhouse-port-detection
2021-06-24T19:16:10 1320000 600000 dev/robust-clickhouse-port-detection
2021-06-24T14:43:31 1200000 720000 real-sled-agent
2021-06-24T01:43:57 1200000 600000 dev/robust-clickhouse-port-detection
2021-06-23T23:14:00 1200000 600000 dev/robust-clickhouse-port-detection
2021-06-23T20:45:17 1200000 480000 dev/robust-clickhouse-port-detection
2021-06-23T20:29:43 1200000 540000 dev/robust-clickhouse-port-detection
2021-06-23T19:54:40 2520000 1260000 dev/robust-clickhouse-port-detection
2021-06-21T16:27:28 1140000 780000 main
2021-06-21T16:10:14 1200000 1020000 nexus/oximeter-endpoints-in-db
2021-06-21T13:12:04 1320000 1020000 main
2021-06-21T00:51:31 1200000 780000 dependabot/cargo/tokio-1.7.1
2021-06-18T23:15:10 1200000 540000 nexus/oximeter-endpoints-in-db
2021-06-18T22:08:02 1140000 900000 nexus/oximeter-endpoints-in-db
2021-06-18T16:12:06 1140000 720000 dev/clickhouse-dev-tools
2021-06-18T00:57:49 1320000 900000 dev/clickhouse-dev-tools
2021-06-18T00:31:57 2340000 1260000 dev/clickhouse-dev-tools
2021-06-17T23:25:12 1140000 660000 dev/clickhouse-dev-tools
2021-06-17T17:37:25 1200000 480000 dev/clickhouse-dev-tools
2021-06-16T17:07:59 1320000 540000 nexus/oximeter-endpoints-in-db
2021-06-15T21:01:44 1380000 780000 nexus/oximeter-endpoints-in-db
2021-06-15T20:12:30 1740000 1860000 nexus/oximeter-endpoints-in-db
2021-06-15T00:21:13 1260000 1260000 simpler-producer-info
2021-06-14T14:35:06 1260000 660000 main
2021-06-14T06:53:02 1260000 540000 dependabot/cargo/syn-1.0.73
2021-06-10T18:21:31 1320000 660000 real-sled-agent
2021-06-10T17:37:24 1200000 720000 state-cleanup
2021-06-10T16:30:47 1320000 720000 state-cleanup
2021-06-10T16:17:14 1320000 720000 real-sled-agent
2021-06-09T15:10:44 1380000 780000 real-sled-agent
2021-06-09T14:54:20 1080000 480000 real-sled-agent
2021-06-09T14:36:48 1320000 780000 real-sled-agent
2021-06-08T19:12:21 1200000 600000 reboot-separate
2021-06-08T15:19:42 1380000 1200000 reboot-separate
2021-06-08T14:42:19 1320000 1440000 reboot-separate
2021-06-08T05:12:31 1320000 780000 real-sled-agent
2021-06-08T04:58:21 1620000 1080000 reboot-separate
2021-06-08T04:28:29 1800000 960000 reboot-separate
2021-06-08T01:50:11 1680000 1320000 real-sled-agent
2021-06-07T19:17:42 1740000 1620000 main
2021-06-07T18:45:39 1980000 1620000 oximeter/db-schema
2021-06-07T18:43:31 1560000 1320000 rev-skip-dup-actions
2021-06-07T18:40:16 1080000 960000 oximeter/db-schema
2021-06-07T18:30:57 1560000 1200000 real-sled-agent
2021-06-07T07:03:26 1680000 1200000 dependabot/cargo/dropshot-e0201cf
2021-06-05T02:37:21 1140000 600000 oximeter/db-schema
2021-06-04T18:07:00 1560000 1200000 main
2021-06-04T14:59:40 1140000 780000 oximeter/local-producer-cache
2021-06-04T14:59:38 1080000 900000 oximeter/local-producer-cache
2021-06-04T14:18:19 1020000 600000 oximeter/local-producer-cache
2021-06-04T14:17:56 1200000 900000 oximeter/local-producer-cache
2021-06-03T23:55:52 1200000 960000 oximeter/local-producer-cache
2021-06-03T19:36:34 1500000 1500000 dedup-actions
2021-06-03T19:00:31 1680000 1740000 dedup-actions
2021-06-03T19:00:29 1620000 1680000 dedup-actions
2021-06-03T18:45:26 1620000 1380000 toolchain
2021-06-03T18:45:24 1500000 1440000 toolchain
2021-06-03T18:42:33 1500000 1320000 dedup-actions
2021-06-03T18:41:58 1500000 1260000 dedup-actions
2021-06-03T18:36:04 1560000 1020000 real-sled-agent
2021-06-03T18:36:03 1500000 1020000 real-sled-agent
2021-06-03T18:12:12 1500000 1260000 toolchain
2021-06-03T18:12:10 1500000 1620000 toolchain
2021-06-03T17:45:35 1560000 1620000 toolchain
2021-06-03T17:45:33 1620000 1560000 toolchain
2021-06-03T17:37:36 600000 120000 toolchain
2021-06-03T17:37:35 600000 120000 toolchain
2021-06-03T15:56:23 960000 780000 toolchain
2021-06-03T15:56:21 1140000 600000 toolchain
2021-06-03T15:48:24 1080000 960000 main
2021-06-03T15:37:10 1080000 840000 toolchain
2021-06-03T15:37:09 1080000 900000 toolchain
2021-06-03T15:33:33 1020000 780000 toolchain
2021-06-03T15:33:32 1200000 840000 toolchain
2021-06-03T15:31:19 1080000 900000 toolchain
2021-06-03T15:30:44 960000 900000 toolchain
2021-06-02T23:34:07 1200000 900000 oximeter/db-schema
2021-06-02T23:32:38 1200000 840000 oximeter/db-schema
2021-06-02T23:29:16 1080000 960000 oximeter/db-schema
2021-06-02T23:24:50 900000 420000 oximeter/db-schema
2021-06-02T23:23:25 360000 60000 oximeter/db-schema
2021-06-02T23:21:02 480000 60000 oximeter/db-schema
2021-06-02T23:18:07 540000 60000 oximeter/db-schema
2021-06-02T23:15:09 540000 60000 oximeter/db-schema
2021-06-02T23:13:29 360000 60000 oximeter/db-schema
2021-06-02T23:12:07 360000 60000 oximeter/db-schema
2021-06-02T22:59:54 600000 60000 oximeter/db-schema
2021-06-02T21:59:28 540000 60000 oximeter/db-schema
2021-06-02T21:57:41 360000 60000 oximeter/db-schema
2021-06-02T21:50:51 480000 60000 oximeter/db-schema
2021-06-02T21:43:59 540000 60000 oximeter/db-schema
2021-06-02T21:41:59 480000 60000 oximeter/db-schema
2021-06-02T21:36:11 840000 360000 oximeter/db-schema
2021-06-02T21:34:00 600000 180000 oximeter/db-schema
2021-06-02T21:23:34 840000 660000 oximeter/db-schema
2021-06-02T21:06:46 900000 660000 oximeter/db-schema
2021-06-02T20:52:53 1020000 660000 oximeter/db-schema
2021-06-01T23:07:13 960000 660000 oximeter/db-schema
2021-06-01T23:05:35 840000 660000 oximeter/db-schema
2021-06-01T16:04:50 1200000 780000 main
2021-06-01T16:04:25 1020000 19020000 main
2021-06-01T16:03:29 1080000 780000 main
2021-05-31T07:10:52 1140000 840000 dependabot/cargo/smf-0.2.1
2021-05-31T07:10:51 1080000 780000 dependabot/cargo/smf-0.2.1
2021-05-31T07:10:45 1140000 720000 dependabot/cargo/tar-0.4.35
2021-05-31T07:10:44 1260000 900000 dependabot/cargo/tar-0.4.35
2021-05-31T07:10:37 1140000 900000 dependabot/cargo/tokio-1.6.1
2021-05-31T07:10:37 1020000 840000 dependabot/cargo/tokio-1.6.1
2021-05-31T07:10:29 1260000 900000 dependabot/cargo/libc-0.2.95
2021-05-31T07:10:28 1140000 840000 dependabot/cargo/libc-0.2.95
2021-05-28T15:06:43 1140000 600000 main
2021-05-28T08:42:43 1140000 780000 demo
2021-05-27T20:43:58 1080000 960000 sled-agent/register-as-producer
2021-05-27T20:17:29 1020000 720000 sled-agent/register-as-producer
2021-05-27T20:13:25 1080000 900000 sled-agent/register-as-producer
2021-05-27T19:42:35 1140000 780000 real-sled-agent
2021-05-27T19:42:34 1140000 780000 real-sled-agent
2021-05-27T19:42:26 1020000 840000 packaging
2021-05-27T19:42:24 1080000 840000 packaging
2021-05-27T03:11:17 1020000 840000 dependabot/cargo/thiserror-1.0.25
2021-05-27T03:11:16 1020000 660000 dependabot/cargo/thiserror-1.0.25
2021-05-27T03:09:59 1080000 600000 main
2021-05-27T02:57:04 1020000 540000 oximeter/measurement-inside-metric
2021-05-27T02:57:02 1080000 600000 oximeter/measurement-inside-metric
2021-05-27T01:52:10 780000 480000 oximeter/measurement-inside-metric
2021-05-27T01:52:09 1080000 540000 oximeter/measurement-inside-metric
2021-05-27T01:19:59 1080000 600000 oximeter/measurement-inside-metric
2021-05-27T01:19:57 960000 540000 oximeter/measurement-inside-metric
2021-05-27T00:02:21 960000 720000 oximeter/measurement-inside-metric
2021-05-27T00:02:20 900000 660000 oximeter/measurement-inside-metric
2021-05-26T23:42:40 900000 600000 oximeter/measurement-inside-metric
2021-05-26T23:42:30 960000 900000 oximeter/measurement-inside-metric
2021-05-26T23:42:18 1020000 660000 dependabot/cargo/thiserror-1.0.25
2021-05-26T23:42:16 900000 540000 dependabot/cargo/thiserror-1.0.25
2021-05-26T23:41:08 900000 540000 main
2021-05-26T16:19:23 1080000 600000 oximeter/use-clickhouse-client
2021-05-26T16:19:22 1020000 660000 oximeter/use-clickhouse-client
2021-05-26T15:55:34 1020000 600000 oximeter/use-clickhouse-client
2021-05-26T15:55:23 960000 660000 oximeter/use-clickhouse-client
2021-05-26T15:51:14 960000 600000 dependabot/cargo/thiserror-1.0.25
2021-05-26T15:51:12 960000 660000 dependabot/cargo/thiserror-1.0.25
2021-05-26T15:50:03 1080000 600000 main
2021-05-25T20:14:40 1020000 600000 real-sled-agent
2021-05-25T20:14:37 1020000 540000 real-sled-agent
2021-05-25T19:15:39 360000 60000 real-sled-agent
2021-05-25T19:15:37 480000 120000 real-sled-agent
2021-05-25T19:13:10 240000 60000 real-sled-agent
2021-05-25T19:13:08 240000 60000 real-sled-agent
2021-05-25T18:38:35 240000 60000 real-sled-agent
2021-05-25T18:35:39 240000 60000 real-sled-agent
2021-05-25T16:55:13 960000 480000 packaging
2021-05-25T16:55:11 900000 660000 packaging
2021-05-25T16:54:49 1020000 480000 packaging
2021-05-25T16:54:47 960000 660000 packaging
2021-05-25T16:41:16 1080000 540000 packaging
2021-05-25T16:41:15 960000 660000 packaging
2021-05-25T16:22:12 1020000 480000 packaging
2021-05-25T16:22:10 1020000 480000 packaging
2021-05-25T16:11:45 840000 480000 packaging
2021-05-25T16:11:44 1020000 600000 packaging
2021-05-25T16:08:54 900000 540000 packaging
2021-05-25T16:08:51 1080000 480000 packaging
2021-05-25T16:05:34 960000 600000 packaging
2021-05-25T16:05:32 960000 600000 packaging
2021-05-25T15:59:52 900000 480000 packaging
2021-05-25T15:52:25 900000 540000 dependabot/cargo/proc-macro2-1.0.27
2021-05-25T15:51:13 900000 480000 dependabot/cargo/proc-macro2-1.0.27
2021-05-25T15:48:37 1080000 480000 main
2021-05-25T15:36:59 1020000 540000 state-cleanup
2021-05-25T15:36:57 1020000 720000 state-cleanup
2021-05-25T15:34:55 1020000 600000 main
2021-05-24T23:28:06 1020000 480000 feature/clickhouse-client
2021-05-24T23:28:04 960000 480000 feature/clickhouse-client
2021-05-24T23:24:20 600000 60000 feature/clickhouse-client
2021-05-24T23:24:18 540000 60000 feature/clickhouse-client
2021-05-24T21:35:44 960000 480000 feature/clickhouse-client
2021-05-24T20:57:43 1020000 420000 feature/clickhouse-client
2021-05-24T07:06:34 900000 480000 dependabot/cargo/thiserror-1.0.25
2021-05-24T07:06:33 960000 540000 dependabot/cargo/thiserror-1.0.25
2021-05-24T07:06:26 1020000 540000 dependabot/cargo/serde-1.0.126
2021-05-24T07:06:26 1080000 480000 dependabot/cargo/serde-1.0.126
2021-05-24T07:06:15 960000 1020000 dependabot/cargo/steno-8da3eda
2021-05-24T07:06:14 960000 420000 dependabot/cargo/steno-8da3eda
2021-05-24T07:05:59 960000 540000 dependabot/cargo/proc-macro2-1.0.27
2021-05-24T07:05:58 1080000 660000 dependabot/cargo/proc-macro2-1.0.27
2021-05-21T15:37:00 1020000 480000 main
2021-05-20T20:17:09 960000 600000 state-cleanup
2021-05-20T20:17:06 960000 420000 state-cleanup
2021-05-20T20:09:55 1020000 600000 state-cleanup
2021-05-20T20:09:53 960000 540000 state-cleanup
2021-05-19T20:49:11 1020000 420000 packaging
2021-05-19T20:49:09 960000 600000 packaging
2021-05-19T20:39:56 240000 60000 packaging
2021-05-19T20:39:54 240000 60000 packaging
2021-05-19T20:35:26 960000 600000 state-cleanup
2021-05-19T20:35:21 960000 660000 state-cleanup
2021-05-19T20:33:44 240000 60000 packaging
2021-05-19T20:33:42 240000 60000 packaging
2021-05-19T20:26:05 960000 660000 reboot-states
2021-05-19T20:26:03 1020000 780000 reboot-states
2021-05-19T20:25:45 900000 720000 state-cleanup
2021-05-19T20:25:43 960000 420000 state-cleanup
2021-05-19T20:05:39 840000 660000 state-cleanup
2021-05-19T20:05:13 840000 540000 state-cleanup
2021-05-19T19:59:39 900000 720000 feature/oximeter-packaging
2021-05-19T19:59:27 960000 540000 feature/oximeter-packaging
2021-05-19T19:57:27 960000 780000 main
2021-05-19T03:50:57 900000 780000 oximeter/producer-server
2021-05-19T03:50:55 900000 780000 oximeter/producer-server
2021-05-19T02:02:52 840000 480000 main
2021-05-18T23:52:05 900000 480000 main
2021-05-18T23:51:58 900000 780000 dependabot/cargo/tokio-1.6.0
2021-05-18T23:51:54 900000 360000 dependabot/cargo/tokio-1.6.0
2021-05-18T23:51:29 780000 420000 main
2021-05-18T23:51:12 900000 540000 dependabot/cargo/tokio-1.6.0
2021-05-18T23:51:10 900000 480000 dependabot/cargo/tokio-1.6.0
2021-05-18T23:50:08 900000 420000 main
2021-05-18T23:49:20 900000 420000 main
2021-05-18T20:40:02 840000 900000 oximeter/producer-server
2021-05-18T20:36:10 1080000 780000 oximeter/producer-server
2021-05-18T20:21:52 960000 780000 oximeter/producer-server
2021-05-17T06:48:18 900000 420000 dependabot/cargo/subprocess-0.2.7
2021-05-17T06:48:17 900000 660000 dependabot/cargo/subprocess-0.2.7
2021-05-17T06:48:07 960000 420000 dependabot/cargo/tokio-1.6.0
2021-05-17T06:48:06 900000 480000 dependabot/cargo/tokio-1.6.0
2021-05-17T06:47:55 840000 480000 dependabot/cargo/async-trait-0.1.50
2021-05-17T06:47:54 900000 540000 dependabot/cargo/async-trait-0.1.50
2021-05-17T06:47:43 960000 540000 dependabot/cargo/serde_with-1.9.1
2021-05-17T06:47:42 840000 540000 dependabot/cargo/serde_with-1.9.1
2021-05-17T06:47:33 900000 600000 dependabot/cargo/tokio-postgres-0.7.2
2021-05-17T06:47:32 900000 480000 dependabot/cargo/tokio-postgres-0.7.2
2021-05-14T23:49:26 960000 540000 oximeter/producer-server
2021-05-14T23:27:23 900000 420000 oximeter/producer-server
2021-05-14T23:10:38 780000 300000 oximeter/producer-server
2021-05-14T23:04:16 900000 360000 main
2021-05-14T23:03:40 780000 540000 oximeter/producer-server
2021-05-14T23:01:17 840000 360000 reboot-states
2021-05-14T23:01:16 780000 600000 reboot-states
2021-05-14T21:28:00 840000 480000 ensure-api
2021-05-14T21:27:58 780000 480000 ensure-api
2021-05-13T17:32:07 780000 420000 main
2021-05-13T12:59:11 900000 720000 sa-refactor
2021-05-13T12:59:10 960000 720000 sa-refactor
2021-05-13T02:46:22 780000 480000 main
2021-05-13T00:21:08 840000 720000 main
2021-05-13T00:14:21 900000 360000 dependabot/test/no/push
2021-05-13T00:12:07 960000 420000 dependabot/test/no/push
2021-05-13T00:07:50 900000 420000 reboot-states
2021-05-13T00:07:48 900000 480000 reboot-states
2021-05-12T22:10:54 840000 480000 reboot-states
2021-05-12T22:10:52 840000 540000 reboot-states
2021-05-12T22:09:47 840000 480000 main
2021-05-12T22:09:17 780000 480000 reboot-states
2021-05-12T22:08:18 840000 420000 ensure-api
2021-05-12T22:07:52 840000 360000 ensure-api
2021-05-12T22:00:27 840000 420000 openapi
2021-05-12T22:00:26 840000 420000 openapi
2021-05-12T21:58:54 900000 360000 main
2021-05-12T21:58:54 900000 360000 main
2021-05-12T21:58:12 780000 420000 reboot-states
2021-05-12T20:56:51 900000 420000 feature/oximeter-integration
2021-05-12T20:56:50 780000 540000 feature/oximeter-integration
2021-05-12T17:57:09 900000 420000 feature/oximeter-integration
2021-05-12T17:57:07 840000 540000 feature/oximeter-integration
2021-05-12T17:43:25 900000 660000 feature/oximeter-integration
2021-05-12T17:43:24 900000 540000 feature/oximeter-integration
2021-05-12T16:50:28 840000 660000 dependabot/cargo/futures-0.3.15
2021-05-12T16:50:26 780000 420000 dependabot/cargo/futures-0.3.15
2021-05-12T16:49:26 900000 540000 main
2021-05-12T16:47:24 780000 660000 main
2021-05-12T16:22:39 840000 420000 main
2021-05-12T16:20:58 900000 360000 dependabot/cargo/hyper-0.14.7
2021-05-12T16:20:57 900000 540000 dependabot/cargo/hyper-0.14.7
2021-05-12T16:20:56 900000 540000 dependabot/cargo/futures-0.3.15
2021-05-12T16:20:55 840000 660000 dependabot/cargo/futures-0.3.15
2021-05-12T16:20:53 840000 540000 dependabot/cargo/serde_with-1.9.0
2021-05-12T16:20:51 900000 780000 dependabot/cargo/serde_with-1.9.0
2021-05-12T16:19:53 960000 540000 main
2021-05-12T14:45:49 900000 540000 dependabot/cargo/steno-b45cd0d
2021-05-12T14:45:47 840000 480000 dependabot/cargo/steno-b45cd0d
2021-05-12T14:45:42 900000 540000 dependabot/cargo/futures-0.3.15
2021-05-12T14:45:41 900000 480000 dependabot/cargo/futures-0.3.15
2021-05-12T14:45:37 840000 780000 dependabot/cargo/hyper-0.14.7
2021-05-12T14:45:36 960000 360000 dependabot/cargo/hyper-0.14.7
2021-05-12T14:45:31 960000 540000 dependabot/cargo/libc-0.2.94
2021-05-12T14:45:30 840000 420000 dependabot/cargo/libc-0.2.94
2021-05-12T14:45:26 960000 420000 dependabot/cargo/serde_with-1.9.0
2021-05-12T14:45:25 840000 720000 dependabot/cargo/serde_with-1.9.0
2021-05-12T14:44:40 900000 420000 main
2021-05-12T14:35:46 900000 480000 dependabot-whole
2021-05-12T14:35:31 960000 480000 dependabot-whole
2021-05-11T18:34:53 960000 600000 main
2021-05-11T18:32:45 900000 540000 feature/oximeter-integration
2021-05-11T18:32:43 840000 840000 feature/oximeter-integration
2021-05-11T16:03:29 1020000 840000 feature/oximeter-integration
2021-05-11T16:03:28 960000 660000 feature/oximeter-integration
2021-05-11T15:56:07 960000 480000 feature/oximeter-integration
2021-05-11T15:56:06 1080000 480000 feature/oximeter-integration
2021-05-11T02:28:32 840000 720000 main
2021-05-11T01:55:32 1020000 420000 dependabot/cargo/omicron-bootstrap-agent/smf-0.2
2021-05-11T01:55:31 960000 540000 dependabot/cargo/omicron-bootstrap-agent/smf-0.2
2021-05-11T01:38:48 960000 480000 main
2021-05-11T01:02:35 960000 480000 main
2021-05-11T00:53:21 960000 540000 feature/oximeter-integration
2021-05-11T00:52:20 960000 540000 feature/oximeter-integration
2021-05-11T00:46:09 900000 720000 feature/oximeter-integration
2021-05-10T23:56:44 840000 540000 dependabot/cargo/omicron-common/serde_urlencoded-0.7.0
2021-05-10T23:56:42 960000 480000 dependabot/cargo/omicron-common/serde_urlencoded-0.7.0
2021-05-10T23:56:21 1020000 540000 dependabot/cargo/omicron-nexus/openapiv3-0.5.0
2021-05-10T23:56:19 960000 480000 dependabot/cargo/omicron-nexus/openapiv3-0.5.0
2021-05-10T23:54:42 1080000 480000 main
2021-05-10T23:22:47 900000 1020000 sed/the/tag/name
2021-05-10T23:22:45 900000 720000 sed/the/tag/name
2021-05-10T23:20:10 1020000 480000 sed/the/tag/name
2021-05-10T23:19:51 840000 480000 sed/the/tag/name
2021-05-10T23:18:59 840000 420000 sed-the-tag-name
2021-05-10T23:18:50 1020000 660000 sed-the-tag-name
2021-05-10T22:56:36 840000 840000 dependabot/cargo/omicron-common/serde_urlencoded-0.7.0
2021-05-10T22:56:34 840000 480000 dependabot/cargo/omicron-common/serde_urlencoded-0.7.0
2021-05-10T22:53:58 960000 420000 dependabot/cargo/omicron-nexus/openapiv3-0.5.0
2021-05-10T22:53:57 900000 480000 dependabot/cargo/omicron-nexus/openapiv3-0.5.0
2021-05-10T22:52:27 780000 480000 main
2021-05-10T22:43:22 840000 480000 fix-secret
2021-05-10T22:43:11 900000 540000 fix-secret
2021-05-10T22:21:53 900000 780000 dependabot/cargo/omicron-common/serde_urlencoded-0.7.0
2021-05-10T22:21:53 840000 420000 dependabot/cargo/omicron-common/serde_urlencoded-0.7.0
2021-05-10T22:21:26 900000 420000 dependabot/cargo/omicron-nexus/openapiv3-0.5.0
2021-05-10T22:21:25 840000 480000 dependabot/cargo/omicron-nexus/openapiv3-0.5.0
2021-05-10T22:21:11 840000 480000 dependabot/cargo/omicron-bootstrap-agent/smf-0.2
2021-05-10T22:21:09 960000 480000 dependabot/cargo/omicron-bootstrap-agent/smf-0.2
2021-05-10T22:19:31 840000 480000 main
2021-05-10T22:10:40 1020000 480000 dependabot
2021-05-10T22:09:43 900000 540000 dependabot
2021-05-10T14:52:06 960000 480000 main
2021-05-10T14:24:12 1020000 540000 steno-db
2021-05-10T14:24:10 900000 600000 steno-db
2021-05-10T14:04:34 900000 660000 steno-db
2021-05-10T13:54:59 900000 420000 steno-db
2021-05-10T13:54:57 900000 480000 steno-db
2021-05-10T13:53:30 900000 600000 sa-refactor
2021-05-10T13:53:29 840000 420000 sa-refactor
2021-05-08T20:40:54 900000 660000 sa-refactor
2021-05-08T20:40:52 960000 660000 sa-refactor
2021-05-08T20:40:03 840000 660000 sa-refactor
2021-05-08T20:40:02 960000 420000 sa-refactor
2021-05-08T20:38:48 960000 540000 sa-refactor
2021-05-08T20:37:27 900000 420000 sa-refactor
2021-05-08T03:22:02 780000 600000 steno-db
2021-05-08T03:22:01 840000 300000 steno-db
2021-05-08T03:21:24 780000 300000 steno-db
2021-05-08T03:21:22 840000 540000 steno-db
2021-05-08T03:01:21 720000 300000 steno-db
2021-05-08T03:01:19 780000 240000 steno-db
2021-05-08T02:18:55 780000 300000 steno-db
2021-05-08T02:18:53 720000 240000 steno-db
2021-05-08T00:04:28 660000 240000 steno-db
2021-05-07T00:11:58 780000 240000 steno-db
2021-05-06T21:28:18 780000 600000 steno-db
2021-05-06T19:47:55 720000 300000 steno-db
2021-05-04T15:11:47 240000 60000 packaging
2021-05-04T15:11:47 240000 60000 packaging
2021-05-04T14:50:48 240000 60000 packaging
2021-05-04T14:49:58 240000 60000 packaging
2021-04-28T02:58:39 720000 300000 steno-db
2021-04-26T22:11:01 840000 480000 steno-db
2021-04-26T22:06:30 840000 420000 steno-db
2021-04-23T15:30:22 1860000 480000 sled-agent-metrics-empty-endpoint
2021-04-23T13:25:29 960000 540000 sled-agent-metrics-empty-endpoint
2021-04-23T00:11:35 960000 600000 sled-agent-metrics-empty-endpoint
2021-04-22T14:00:18 960000 600000 main
2021-04-22T03:19:43 840000 420000 steno-db
2021-04-20T23:31:33 840000 480000 steno-db
2021-04-19T19:23:32 900000 480000 steno-db
2021-04-16T21:53:25 960000 480000 main
2021-04-16T21:06:58 1020000 660000 fix-64
2021-04-16T21:06:37 900000 720000 fix-64
2021-04-16T20:51:11 960000 720000 test-fix-64
2021-04-16T00:04:28 840000 360000 steno-db
2021-04-15T19:16:57 1020000 600000 main
2021-04-14T21:19:58 960000 660000 main
2021-04-14T20:21:57 960000 600000 multi-crates
2021-04-14T20:21:36 900000 480000 multi-crates
2021-04-14T18:33:00 1080000 660000 multi-crates
2021-04-14T18:32:58 1020000 660000 multi-crates
2021-04-14T18:09:31 900000 480000 multi-crates
2021-04-14T18:09:29 960000 540000 multi-crates
2021-04-14T16:54:27 840000 540000 multi-crates
2021-04-14T16:54:26 960000 600000 multi-crates
2021-04-14T16:20:02 900000 660000 multi-crates
2021-04-14T16:20:00 900000 660000 multi-crates
2021-04-14T16:02:31 1020000 660000 main
2021-04-14T16:01:20 900000 540000 multi-crates
2021-04-14T16:01:18 960000 540000 multi-crates
2021-04-14T15:42:23 960000 540000 multi-crates
2021-04-14T15:42:21 1020000 420000 multi-crates
2021-04-14T03:10:44 900000 480000 multi-crates
2021-04-14T03:10:43 960000 420000 multi-crates
2021-04-14T02:58:21 960000 420000 multi-crates
2021-04-14T02:57:02 840000 420000 multi-crates
2021-04-13T20:51:29 1020000 420000 dropshot-update
2021-04-13T20:49:07 1020000 480000 dropshot-update
2021-04-13T18:50:04 960000 420000 main
2021-04-13T18:42:48 960000 420000 ci-docs
2021-04-13T18:42:03 840000 420000 ci-docs
2021-04-13T18:40:52 960000 420000 ci-docs
2021-04-13T18:23:43 600000 660000 main
2021-04-13T18:16:08 660000 480000 core-std
2021-04-13T18:13:25 720000 420000 core-std
2021-04-13T17:44:28 660000 420000 main
2021-04-13T17:32:08 660000 420000 dap-db-work
2021-04-13T17:32:06 660000 660000 dap-db-work
2021-04-13T16:56:29 600000 420000 dap-db-work
